2020/03/02 23:04:33 log.go:25: Rpc Server log ready!!!!!!!!!!!  time=2020-03-02 23:04:33.464897 +0800 CST m=+0.004470868
2020/03/02 23:04:50 customdata.go:81: receive------rsp----------
2020/03/02 23:04:50 customdata.go:82: {CheckToken [VLCZRrFNPH ckQSpDXWcJVTWfFidRkh] }
2020/03/02 23:04:50 customdata.go:83: --------------

2020/03/02 23:04:50 server.go:62: rpc-api-called, name=CheckToken
2020/03/02 23:04:50 handler.go:107: GetUserInfoByToken in, user_name=VLCZRrFNPH
2020/03/02 23:04:50 customdata.go:81: receive------rsp----------
2020/03/02 23:04:50 customdata.go:82: {CheckToken [iGdBqqGhLk ckQSpDXWcJVTWfFidRkh] }
2020/03/02 23:04:50 customdata.go:83: --------------

2020/03/02 23:04:50 server.go:62: rpc-api-called, name=CheckToken
2020/03/02 23:04:50 handler.go:107: GetUserInfoByToken in, user_name=iGdBqqGhLk
2020/03/02 23:04:50 customdata.go:81: receive------rsp----------
2020/03/02 23:04:50 customdata.go:82: {CheckToken [YhGmsRZpUh ckQSpDXWcJVTWfFidRkh] }
2020/03/02 23:04:50 customdata.go:83: --------------

2020/03/02 23:04:50 server.go:62: rpc-api-called, name=CheckToken
2020/03/02 23:04:50 handler.go:107: GetUserInfoByToken in, user_name=YhGmsRZpUh
2020/03/02 23:04:50 customdata.go:81: receive------rsp----------
2020/03/02 23:04:50 customdata.go:82: {CheckToken [DfICQQerkO ckQSpDXWcJVTWfFidRkh] }
2020/03/02 23:04:50 customdata.go:83: --------------

2020/03/02 23:04:50 server.go:62: rpc-api-called, name=CheckToken
2020/03/02 23:04:50 handler.go:107: GetUserInfoByToken in, user_name=DfICQQerkO
2020/03/02 23:04:50 customdata.go:81: receive------rsp----------
2020/03/02 23:04:50 customdata.go:82: {CheckToken [WLaQhbJnEl ckQSpDXWcJVTWfFidRkh] }
2020/03/02 23:04:50 customdata.go:83: --------------

2020/03/02 23:04:50 server.go:62: rpc-api-called, name=CheckToken
2020/03/02 23:04:50 handler.go:107: GetUserInfoByToken in, user_name=WLaQhbJnEl
2020/03/02 23:04:50 customdata.go:81: receive------rsp----------
2020/03/02 23:04:50 customdata.go:82: {CheckToken [tFYfRqkJMb ckQSpDXWcJVTWfFidRkh] }
2020/03/02 23:04:50 customdata.go:83: --------------

2020/03/02 23:04:50 server.go:62: rpc-api-called, name=CheckToken
2020/03/02 23:04:50 customdata.go:81: receive------rsp----------
2020/03/02 23:04:50 customdata.go:82: {CheckToken [jlmnCjILkd ckQSpDXWcJVTWfFidRkh] }
2020/03/02 23:04:50 customdata.go:83: --------------

2020/03/02 23:04:50 customdata.go:81: receive------rsp----------
2020/03/02 23:04:50 handler.go:107: GetUserInfoByToken in, user_name=tFYfRqkJMb
2020/03/02 23:04:50 customdata.go:81: receive------rsp----------
2020/03/02 23:04:50 customdata.go:81: receive------rsp----------
2020/03/02 23:04:50 server.go:62: rpc-api-called, name=CheckToken
2020/03/02 23:04:50 handler.go:107: GetUserInfoByToken in, user_name=jlmnCjILkd
2020/03/02 23:04:50 handler.go:119: GetUserInfoByToken out, return=VLCZRrFNPH
2020/03/02 23:04:50 customdata.go:82: {CheckToken [qCIcYPPPhh ckQSpDXWcJVTWfFidRkh] }
2020/03/02 23:04:50 customdata.go:83: --------------

2020/03/02 23:04:50 server.go:62: rpc-api-called, name=CheckToken
2020/03/02 23:04:50 handler.go:107: GetUserInfoByToken in, user_name=qCIcYPPPhh
2020/03/02 23:04:50 customdata.go:82: {CheckToken [DZPPWOhWYV ckQSpDXWcJVTWfFidRkh] }
2020/03/02 23:04:50 customdata.go:83: --------------

2020/03/02 23:04:50 server.go:85: RspInfo= -----------------
2020/03/02 23:04:50 server.go:86: [{VLCZRrFNPH testpwd  http://q6gy4v9f7.bkt.clouddn.com/usertestc_1583059444997873000.jpg ckQSpDXWcJVTWfFidRkh}]
2020/03/02 23:04:50 customdata.go:82: {CheckToken [ADeSQcjbXW ckQSpDXWcJVTWfFidRkh] }
2020/03/02 23:04:50 server.go:62: rpc-api-called, name=CheckToken
2020/03/02 23:04:50 handler.go:107: GetUserInfoByToken in, user_name=DZPPWOhWYV
2020/03/02 23:04:50 server.go:87: 
2020/03/02 23:04:50 server.go:88: but req-args= [VLCZRrFNPH ckQSpDXWcJVTWfFidRkh]
2020/03/02 23:04:50 server.go:89: ----------------------
2020/03/02 23:04:50 customdata.go:83: --------------

2020/03/02 23:04:50 server.go:62: rpc-api-called, name=CheckToken
2020/03/02 23:04:50 handler.go:107: GetUserInfoByToken in, user_name=ADeSQcjbXW
2020/03/02 23:04:50 customdata.go:61: Send error= <nil>
2020/03/02 23:04:50 customdata.go:69: receive error= EOF
2020/03/02 23:04:50 server.go:52: the func  does not exist
2020/03/02 23:04:50 handler.go:119: GetUserInfoByToken out, return=DfICQQerkO
2020/03/02 23:04:50 server.go:85: RspInfo= -----------------
2020/03/02 23:04:50 server.go:86: [{DfICQQerkO testpwd  http://q6gy4v9f7.bkt.clouddn.com/usertestc_1583059444997873000.jpg ckQSpDXWcJVTWfFidRkh}]
2020/03/02 23:04:50 server.go:87: 
2020/03/02 23:04:50 server.go:88: but req-args= [DfICQQerkO ckQSpDXWcJVTWfFidRkh]
2020/03/02 23:04:50 handler.go:119: GetUserInfoByToken out, return=jlmnCjILkd
2020/03/02 23:04:50 server.go:85: RspInfo= -----------------
2020/03/02 23:04:50 server.go:86: [{jlmnCjILkd testpwd  http://q6gy4v9f7.bkt.clouddn.com/usertestc_1583059444997873000.jpg ckQSpDXWcJVTWfFidRkh}]
2020/03/02 23:04:50 server.go:87: 
2020/03/02 23:04:50 server.go:88: but req-args= [jlmnCjILkd ckQSpDXWcJVTWfFidRkh]
2020/03/02 23:04:50 handler.go:119: GetUserInfoByToken out, return=WLaQhbJnEl
2020/03/02 23:04:50 customdata.go:61: Send error= <nil>
2020/03/02 23:04:50 server.go:89: ----------------------
2020/03/02 23:04:50 customdata.go:61: Send error= <nil>
2020/03/02 23:04:50 customdata.go:69: receive error= read tcp 127.0.0.1:8009->127.0.0.1:53795: read: connection reset by peer
2020/03/02 23:04:50 server.go:43: Receive failed! err=read tcp 127.0.0.1:8009->127.0.0.1:53795: read: connection reset by peer
2020/03/02 23:04:50 server.go:85: RspInfo= -----------------
2020/03/02 23:04:50 server.go:89: ----------------------
2020/03/02 23:04:50 handler.go:119: GetUserInfoByToken out, return=iGdBqqGhLk
2020/03/02 23:04:50 server.go:85: RspInfo= -----------------
2020/03/02 23:04:50 customdata.go:61: Send error= <nil>
2020/03/02 23:04:50 customdata.go:81: receive------rsp----------
2020/03/02 23:04:50 customdata.go:82: {CheckToken [JKgEbigjkh ckQSpDXWcJVTWfFidRkh] }
2020/03/02 23:04:50 customdata.go:83: --------------

2020/03/02 23:04:50 server.go:62: rpc-api-called, name=CheckToken
2020/03/02 23:04:50 handler.go:107: GetUserInfoByToken in, user_name=JKgEbigjkh
2020/03/02 23:04:50 handler.go:119: GetUserInfoByToken out, return=YhGmsRZpUh
2020/03/02 23:04:50 server.go:86: [{WLaQhbJnEl testpwd  http://q6gy4v9f7.bkt.clouddn.com/usertestc_1583059444997873000.jpg ckQSpDXWcJVTWfFidRkh}]
2020/03/02 23:04:50 server.go:87: 
2020/03/02 23:04:50 server.go:88: but req-args= [WLaQhbJnEl ckQSpDXWcJVTWfFidRkh]
2020/03/02 23:04:50 customdata.go:69: receive error= EOF
2020/03/02 23:04:50 server.go:86: [{iGdBqqGhLk testpwd  http://q6gy4v9f7.bkt.clouddn.com/usertestc_1583059444997873000.jpg ckQSpDXWcJVTWfFidRkh}]
2020/03/02 23:04:50 customdata.go:69: receive error= EOF
2020/03/02 23:04:50 server.go:52: the func  does not exist
2020/03/02 23:04:50 handler.go:119: GetUserInfoByToken out, return=tFYfRqkJMb
2020/03/02 23:04:50 customdata.go:61: Send error= <nil>
2020/03/02 23:04:50 server.go:89: ----------------------
2020/03/02 23:04:50 customdata.go:61: Send error= <nil>
2020/03/02 23:04:50 server.go:85: RspInfo= -----------------
2020/03/02 23:04:50 server.go:86: [{tFYfRqkJMb testpwd  http://q6gy4v9f7.bkt.clouddn.com/usertestc_1583059444997873000.jpg ckQSpDXWcJVTWfFidRkh}]
2020/03/02 23:04:50 server.go:87: 
2020/03/02 23:04:50 server.go:88: but req-args= [tFYfRqkJMb ckQSpDXWcJVTWfFidRkh]
2020/03/02 23:04:50 server.go:89: ----------------------
2020/03/02 23:04:50 customdata.go:81: receive------rsp----------
2020/03/02 23:04:50 customdata.go:82: {CheckToken [lmDtqZjEOZ ckQSpDXWcJVTWfFidRkh] }
2020/03/02 23:04:50 server.go:85: RspInfo= -----------------
2020/03/02 23:04:50 customdata.go:61: Send error= <nil>
2020/03/02 23:04:50 customdata.go:83: --------------

2020/03/02 23:04:50 handler.go:119: GetUserInfoByToken out, return=ADeSQcjbXW
2020/03/02 23:04:50 server.go:85: RspInfo= -----------------
2020/03/02 23:04:50 server.go:86: [{ADeSQcjbXW testpwd  http://q6gy4v9f7.bkt.clouddn.com/usertestc_1583059444997873000.jpg ckQSpDXWcJVTWfFidRkh}]
2020/03/02 23:04:50 customdata.go:81: receive------rsp----------
2020/03/02 23:04:50 server.go:62: rpc-api-called, name=CheckToken
2020/03/02 23:04:50 customdata.go:81: receive------rsp----------
2020/03/02 23:04:50 server.go:52: the func  does not exist
2020/03/02 23:04:50 server.go:87: 
2020/03/02 23:04:50 handler.go:119: GetUserInfoByToken out, return=DZPPWOhWYV
2020/03/02 23:04:50 customdata.go:69: receive error= read tcp 127.0.0.1:8009->127.0.0.1:53809: read: connection reset by peer
2020/03/02 23:04:50 handler.go:107: GetUserInfoByToken in, user_name=lmDtqZjEOZ
2020/03/02 23:04:50 customdata.go:82: {CheckToken [QthrZgoDgo ckQSpDXWcJVTWfFidRkh] }
2020/03/02 23:04:50 customdata.go:83: --------------

2020/03/02 23:04:50 server.go:62: rpc-api-called, name=CheckToken
2020/03/02 23:04:50 handler.go:107: GetUserInfoByToken in, user_name=QthrZgoDgo
2020/03/02 23:04:50 server.go:86: [{YhGmsRZpUh testpwd  http://q6gy4v9f7.bkt.clouddn.com/usertestc_1583059444997873000.jpg ckQSpDXWcJVTWfFidRkh}]
2020/03/02 23:04:50 server.go:87: 
2020/03/02 23:04:50 server.go:88: but req-args= [YhGmsRZpUh ckQSpDXWcJVTWfFidRkh]
2020/03/02 23:04:50 server.go:89: ----------------------
2020/03/02 23:04:50 customdata.go:61: Send error= <nil>
2020/03/02 23:04:50 customdata.go:81: receive------rsp----------
2020/03/02 23:04:50 customdata.go:82: {CheckToken [rdUnpscmjt ckQSpDXWcJVTWfFidRkh] }
2020/03/02 23:04:50 customdata.go:83: --------------

2020/03/02 23:04:50 server.go:62: rpc-api-called, name=CheckToken
2020/03/02 23:04:50 handler.go:107: GetUserInfoByToken in, user_name=rdUnpscmjt
2020/03/02 23:04:50 customdata.go:61: Send error= <nil>
2020/03/02 23:04:50 customdata.go:81: receive------rsp----------
2020/03/02 23:04:50 customdata.go:82: {CheckToken [aatVaKWBoW ckQSpDXWcJVTWfFidRkh] }
2020/03/02 23:04:50 customdata.go:83: --------------

2020/03/02 23:04:50 server.go:62: rpc-api-called, name=CheckToken
2020/03/02 23:04:50 handler.go:107: GetUserInfoByToken in, user_name=aatVaKWBoW
2020/03/02 23:04:50 customdata.go:81: receive------rsp----------
2020/03/02 23:04:50 customdata.go:82: {CheckToken [GPOQFnJLPB ckQSpDXWcJVTWfFidRkh] }
2020/03/02 23:04:50 customdata.go:81: receive------rsp----------
2020/03/02 23:04:50 server.go:87: 
2020/03/02 23:04:50 customdata.go:82: {CheckToken [JaObOXeRUN ckQSpDXWcJVTWfFidRkh] }
2020/03/02 23:04:50 handler.go:119: GetUserInfoByToken out, return=JKgEbigjkh
2020/03/02 23:04:50 handler.go:119: GetUserInfoByToken out, return=qCIcYPPPhh
2020/03/02 23:04:50 server.go:85: RspInfo= -----------------
2020/03/02 23:04:50 server.go:43: Receive failed! err=read tcp 127.0.0.1:8009->127.0.0.1:53809: read: connection reset by peer
2020/03/02 23:04:50 customdata.go:81: receive------rsp----------
2020/03/02 23:04:50 customdata.go:81: receive------rsp----------
2020/03/02 23:04:50 customdata.go:81: receive------rsp----------
2020/03/02 23:04:50 server.go:88: but req-args= [iGdBqqGhLk ckQSpDXWcJVTWfFidRkh]
2020/03/02 23:04:50 customdata.go:69: receive error= read tcp 127.0.0.1:8009->127.0.0.1:53838: read: connection reset by peer
2020/03/02 23:04:50 customdata.go:81: receive------rsp----------
2020/03/02 23:04:50 customdata.go:83: --------------

2020/03/02 23:04:50 customdata.go:82: {CheckToken [fIaBgMJrcf ckQSpDXWcJVTWfFidRkh] }
2020/03/02 23:04:50 customdata.go:81: receive------rsp----------
2020/03/02 23:04:50 server.go:88: but req-args= [ADeSQcjbXW ckQSpDXWcJVTWfFidRkh]
2020/03/02 23:04:50 customdata.go:69: receive error= EOF
2020/03/02 23:04:50 customdata.go:81: receive------rsp----------
2020/03/02 23:04:50 customdata.go:81: receive------rsp----------
2020/03/02 23:04:50 customdata.go:83: --------------

2020/03/02 23:04:50 customdata.go:82: {CheckToken [jUmUjfmaHR ckQSpDXWcJVTWfFidRkh] }
2020/03/02 23:04:50 customdata.go:83: --------------

2020/03/02 23:04:50 customdata.go:82: {CheckToken [ksGaqdscja ckQSpDXWcJVTWfFidRkh] }
2020/03/02 23:04:50 customdata.go:83: --------------

2020/03/02 23:04:50 server.go:85: RspInfo= -----------------
2020/03/02 23:04:50 server.go:85: RspInfo= -----------------
2020/03/02 23:04:50 server.go:86: [{DZPPWOhWYV testpwd  http://q6gy4v9f7.bkt.clouddn.com/usertestc_1583059444997873000.jpg ckQSpDXWcJVTWfFidRkh}]
2020/03/02 23:04:50 customdata.go:82: {CheckToken [qsYTFaLntF ckQSpDXWcJVTWfFidRkh] }
2020/03/02 23:04:50 customdata.go:83: --------------

2020/03/02 23:04:50 server.go:62: rpc-api-called, name=CheckToken
2020/03/02 23:04:50 customdata.go:82: {CheckToken [KMlFIpKTaO ckQSpDXWcJVTWfFidRkh] }
2020/03/02 23:04:50 customdata.go:82: {CheckToken [scWCKFGCWA ckQSpDXWcJVTWfFidRkh] }
2020/03/02 23:04:50 server.go:89: ----------------------
2020/03/02 23:04:50 customdata.go:81: receive------rsp----------
2020/03/02 23:04:50 server.go:43: Receive failed! err=read tcp 127.0.0.1:8009->127.0.0.1:53838: read: connection reset by peer
2020/03/02 23:04:50 server.go:62: rpc-api-called, name=CheckToken
2020/03/02 23:04:50 customdata.go:83: --------------

2020/03/02 23:04:50 customdata.go:82: {CheckToken [scWCKFGCWA ckQSpDXWcJVTWfFidRkh] }
2020/03/02 23:04:50 server.go:89: ----------------------
2020/03/02 23:04:50 server.go:52: the func  does not exist
2020/03/02 23:04:50 customdata.go:82: {CheckToken [tpkHTLmQer ckQSpDXWcJVTWfFidRkh] }
2020/03/02 23:04:50 server.go:62: rpc-api-called, name=CheckToken
2020/03/02 23:04:50 server.go:62: rpc-api-called, name=CheckToken
2020/03/02 23:04:50 server.go:62: rpc-api-called, name=CheckToken
2020/03/02 23:04:50 server.go:86: [{JKgEbigjkh testpwd  http://q6gy4v9f7.bkt.clouddn.com/usertestc_1583059444997873000.jpg ckQSpDXWcJVTWfFidRkh}]
2020/03/02 23:04:50 server.go:87: 
2020/03/02 23:04:50 server.go:88: but req-args= [JKgEbigjkh ckQSpDXWcJVTWfFidRkh]
2020/03/02 23:04:50 server.go:89: ----------------------
2020/03/02 23:04:50 server.go:62: rpc-api-called, name=CheckToken
2020/03/02 23:04:50 handler.go:107: GetUserInfoByToken in, user_name=fIaBgMJrcf
2020/03/02 23:04:50 customdata.go:61: Send error= <nil>
2020/03/02 23:04:50 server.go:86: [{qCIcYPPPhh testpwd  http://q6gy4v9f7.bkt.clouddn.com/usertestc_1583059444997873000.jpg ckQSpDXWcJVTWfFidRkh}]
2020/03/02 23:04:50 server.go:87: 
2020/03/02 23:04:50 server.go:88: but req-args= [qCIcYPPPhh ckQSpDXWcJVTWfFidRkh]
2020/03/02 23:04:50 server.go:87: 
2020/03/02 23:04:50 handler.go:107: GetUserInfoByToken in, user_name=qsYTFaLntF
2020/03/02 23:04:50 customdata.go:83: --------------

2020/03/02 23:04:50 customdata.go:81: receive------rsp----------
2020/03/02 23:04:50 customdata.go:81: receive------rsp----------
2020/03/02 23:04:50 customdata.go:83: --------------

2020/03/02 23:04:50 customdata.go:81: receive------rsp----------
2020/03/02 23:04:50 customdata.go:81: receive------rsp----------
2020/03/02 23:04:50 handler.go:119: GetUserInfoByToken out, return=lmDtqZjEOZ
2020/03/02 23:04:50 customdata.go:82: {CheckToken [bVcAHgdOqt ckQSpDXWcJVTWfFidRkh] }
2020/03/02 23:04:50 customdata.go:61: Send error= <nil>
2020/03/02 23:04:50 handler.go:107: GetUserInfoByToken in, user_name=GPOQFnJLPB
2020/03/02 23:04:50 handler.go:119: GetUserInfoByToken out, return=QthrZgoDgo
2020/03/02 23:04:50 customdata.go:83: --------------

2020/03/02 23:04:50 customdata.go:81: receive------rsp----------
2020/03/02 23:04:50 customdata.go:61: Send error= <nil>
2020/03/02 23:04:50 customdata.go:61: Send error= <nil>
2020/03/02 23:04:50 customdata.go:83: --------------

2020/03/02 23:04:50 handler.go:107: GetUserInfoByToken in, user_name=JaObOXeRUN
2020/03/02 23:04:50 handler.go:107: GetUserInfoByToken in, user_name=jUmUjfmaHR
2020/03/02 23:04:50 handler.go:107: GetUserInfoByToken in, user_name=ksGaqdscja
2020/03/02 23:04:50 server.go:89: ----------------------
2020/03/02 23:04:50 server.go:88: but req-args= [DZPPWOhWYV ckQSpDXWcJVTWfFidRkh]
2020/03/02 23:04:50 customdata.go:69: receive error= read tcp 127.0.0.1:8009->127.0.0.1:53834: read: connection reset by peer
2020/03/02 23:04:50 server.go:43: Receive failed! err=read tcp 127.0.0.1:8009->127.0.0.1:53834: read: connection reset by peer
2020/03/02 23:04:50 server.go:62: rpc-api-called, name=CheckToken
2020/03/02 23:04:50 handler.go:107: GetUserInfoByToken in, user_name=tpkHTLmQer
2020/03/02 23:04:50 server.go:62: rpc-api-called, name=CheckToken
2020/03/02 23:04:50 handler.go:107: GetUserInfoByToken in, user_name=KMlFIpKTaO
2020/03/02 23:04:50 customdata.go:82: {CheckToken [rXZCdLsmVW ckQSpDXWcJVTWfFidRkh] }
2020/03/02 23:04:50 customdata.go:82: {CheckToken [QAgDXofWrr ckQSpDXWcJVTWfFidRkh] }
2020/03/02 23:04:50 server.go:62: rpc-api-called, name=CheckToken
2020/03/02 23:04:50 customdata.go:82: {CheckToken [dkCBTSDbJF ckQSpDXWcJVTWfFidRkh] }
2020/03/02 23:04:50 customdata.go:82: {CheckToken [gOnjbqrIkJ ckQSpDXWcJVTWfFidRkh] }
2020/03/02 23:04:50 server.go:85: RspInfo= -----------------
2020/03/02 23:04:50 customdata.go:83: --------------

2020/03/02 23:04:50 server.go:85: RspInfo= -----------------
2020/03/02 23:04:50 server.go:62: rpc-api-called, name=CheckToken
2020/03/02 23:04:50 customdata.go:82: {CheckToken [jnmgEsprZf ckQSpDXWcJVTWfFidRkh] }
2020/03/02 23:04:50 handler.go:119: GetUserInfoByToken out, return=rdUnpscmjt
2020/03/02 23:04:50 server.go:85: RspInfo= -----------------
2020/03/02 23:04:50 server.go:62: rpc-api-called, name=CheckToken
2020/03/02 23:04:50 handler.go:107: GetUserInfoByToken in, user_name=bVcAHgdOqt
2020/03/02 23:04:50 customdata.go:61: Send error= <nil>
2020/03/02 23:04:50 server.go:89: ----------------------
2020/03/02 23:04:50 customdata.go:81: receive------rsp----------
2020/03/02 23:04:50 customdata.go:81: receive------rsp----------
2020/03/02 23:04:50 customdata.go:81: receive------rsp----------
2020/03/02 23:04:50 customdata.go:81: receive------rsp----------
2020/03/02 23:04:50 handler.go:119: GetUserInfoByToken out, return=aatVaKWBoW
2020/03/02 23:04:50 customdata.go:83: --------------

2020/03/02 23:04:50 customdata.go:83: --------------

2020/03/02 23:04:50 handler.go:107: GetUserInfoByToken in, user_name=scWCKFGCWA
2020/03/02 23:04:50 customdata.go:83: --------------

2020/03/02 23:04:50 customdata.go:83: --------------

2020/03/02 23:04:50 server.go:86: [{lmDtqZjEOZ testpwd  http://q6gy4v9f7.bkt.clouddn.com/usertestc_1583059444997873000.jpg ckQSpDXWcJVTWfFidRkh}]
2020/03/02 23:04:50 server.go:86: [{QthrZgoDgo testpwd  http://q6gy4v9f7.bkt.clouddn.com/usertestc_1583059444997873000.jpg ckQSpDXWcJVTWfFidRkh}]
2020/03/02 23:04:50 handler.go:107: GetUserInfoByToken in, user_name=scWCKFGCWA
2020/03/02 23:04:50 customdata.go:83: --------------

2020/03/02 23:04:50 server.go:62: rpc-api-called, name=CheckToken
2020/03/02 23:04:50 customdata.go:81: receive------rsp----------
2020/03/02 23:04:50 customdata.go:81: receive------rsp----------
2020/03/02 23:04:50 customdata.go:81: receive------rsp----------
2020/03/02 23:04:50 customdata.go:81: receive------rsp----------
2020/03/02 23:04:50 server.go:86: [{rdUnpscmjt testpwd  http://q6gy4v9f7.bkt.clouddn.com/usertestc_1583059444997873000.jpg ckQSpDXWcJVTWfFidRkh}]
2020/03/02 23:04:50 handler.go:119: GetUserInfoByToken out, return=qsYTFaLntF
2020/03/02 23:04:50 handler.go:119: GetUserInfoByToken out, return=fIaBgMJrcf
2020/03/02 23:04:50 customdata.go:61: Send error= <nil>
2020/03/02 23:04:50 customdata.go:82: {CheckToken [fqjBGPqbaO ckQSpDXWcJVTWfFidRkh] }
2020/03/02 23:04:50 customdata.go:82: {CheckToken [OsoPTTXlOg ckQSpDXWcJVTWfFidRkh] }
2020/03/02 23:04:50 customdata.go:82: {CheckToken [CaIWrSGsac ckQSpDXWcJVTWfFidRkh] }
2020/03/02 23:04:50 customdata.go:82: {CheckToken [lUrdsCLXjf ckQSpDXWcJVTWfFidRkh] }
2020/03/02 23:04:50 server.go:85: RspInfo= -----------------
2020/03/02 23:04:50 server.go:62: rpc-api-called, name=CheckToken
2020/03/02 23:04:50 customdata.go:81: receive------rsp----------
2020/03/02 23:04:50 customdata.go:81: receive------rsp----------
2020/03/02 23:04:50 server.go:62: rpc-api-called, name=CheckToken
2020/03/02 23:04:50 customdata.go:81: receive------rsp----------
2020/03/02 23:04:50 customdata.go:81: receive------rsp----------
2020/03/02 23:04:50 customdata.go:81: receive------rsp----------
2020/03/02 23:04:50 server.go:62: rpc-api-called, name=CheckToken
2020/03/02 23:04:50 server.go:87: 
2020/03/02 23:04:50 handler.go:119: GetUserInfoByToken out, return=GPOQFnJLPB
2020/03/02 23:04:50 server.go:87: 
2020/03/02 23:04:50 server.go:62: rpc-api-called, name=CheckToken
2020/03/02 23:04:50 customdata.go:81: receive------rsp----------
2020/03/02 23:04:50 customdata.go:82: {CheckToken [GgRdUUQlNM ckQSpDXWcJVTWfFidRkh] }
2020/03/02 23:04:50 customdata.go:83: --------------

2020/03/02 23:04:50 handler.go:107: GetUserInfoByToken in, user_name=gOnjbqrIkJ
2020/03/02 23:04:50 customdata.go:82: {CheckToken [HLQShlETbq ckQSpDXWcJVTWfFidRkh] }
2020/03/02 23:04:50 customdata.go:82: {CheckToken [OaTMsaEBgk ckQSpDXWcJVTWfFidRkh] }
2020/03/02 23:04:50 handler.go:119: GetUserInfoByToken out, return=KMlFIpKTaO
2020/03/02 23:04:50 customdata.go:82: {CheckToken [GFMdlrqIMX ckQSpDXWcJVTWfFidRkh] }
2020/03/02 23:04:50 customdata.go:82: {CheckToken [tJXbElVWFn ckQSpDXWcJVTWfFidRkh] }
2020/03/02 23:04:50 server.go:87: 
2020/03/02 23:04:50 server.go:85: RspInfo= -----------------
2020/03/02 23:04:50 customdata.go:81: receive------rsp----------
2020/03/02 23:04:50 server.go:85: RspInfo= -----------------
2020/03/02 23:04:50 server.go:85: RspInfo= -----------------
2020/03/02 23:04:50 server.go:86: [{GPOQFnJLPB testpwd  http://q6gy4v9f7.bkt.clouddn.com/usertestc_1583059444997873000.jpg ckQSpDXWcJVTWfFidRkh}]
2020/03/02 23:04:50 server.go:87: 
2020/03/02 23:04:50 handler.go:119: GetUserInfoByToken out, return=jUmUjfmaHR
2020/03/02 23:04:50 server.go:85: RspInfo= -----------------
2020/03/02 23:04:50 server.go:86: [{jUmUjfmaHR testpwd  http://q6gy4v9f7.bkt.clouddn.com/usertestc_1583059444997873000.jpg ckQSpDXWcJVTWfFidRkh}]
2020/03/02 23:04:50 server.go:87: 
2020/03/02 23:04:50 server.go:88: but req-args= [jUmUjfmaHR ckQSpDXWcJVTWfFidRkh]
2020/03/02 23:04:50 server.go:89: ----------------------
2020/03/02 23:04:50 customdata.go:81: receive------rsp----------
2020/03/02 23:04:50 customdata.go:83: --------------

2020/03/02 23:04:50 customdata.go:83: --------------

2020/03/02 23:04:50 customdata.go:83: --------------

2020/03/02 23:04:50 customdata.go:83: --------------

2020/03/02 23:04:50 server.go:86: [{aatVaKWBoW testpwd  http://q6gy4v9f7.bkt.clouddn.com/usertestc_1583059444997873000.jpg ckQSpDXWcJVTWfFidRkh}]
2020/03/02 23:04:50 handler.go:107: GetUserInfoByToken in, user_name=rXZCdLsmVW
2020/03/02 23:04:50 customdata.go:82: {CheckToken [SSlWtdbQEN ckQSpDXWcJVTWfFidRkh] }
2020/03/02 23:04:50 customdata.go:82: {CheckToken [ihcBUgrPZO ckQSpDXWcJVTWfFidRkh] }
2020/03/02 23:04:50 handler.go:107: GetUserInfoByToken in, user_name=QAgDXofWrr
2020/03/02 23:04:50 customdata.go:82: {CheckToken [sNbUhdHFOj ckQSpDXWcJVTWfFidRkh] }
2020/03/02 23:04:50 customdata.go:82: {CheckToken [jPiQeYHmGI ckQSpDXWcJVTWfFidRkh] }
2020/03/02 23:04:50 customdata.go:82: {CheckToken [MqQICUaQtd ckQSpDXWcJVTWfFidRkh] }
2020/03/02 23:04:50 customdata.go:81: receive------rsp----------
2020/03/02 23:04:50 handler.go:107: GetUserInfoByToken in, user_name=dkCBTSDbJF
2020/03/02 23:04:50 customdata.go:81: receive------rsp----------
2020/03/02 23:04:50 customdata.go:81: receive------rsp----------
2020/03/02 23:04:50 handler.go:119: GetUserInfoByToken out, return=tpkHTLmQer
2020/03/02 23:04:50 customdata.go:81: receive------rsp----------
2020/03/02 23:04:50 customdata.go:81: receive------rsp----------
2020/03/02 23:04:50 customdata.go:81: receive------rsp----------
2020/03/02 23:04:50 customdata.go:81: receive------rsp----------
2020/03/02 23:04:50 server.go:88: but req-args= [lmDtqZjEOZ ckQSpDXWcJVTWfFidRkh]
2020/03/02 23:04:50 customdata.go:81: receive------rsp----------
2020/03/02 23:04:50 customdata.go:81: receive------rsp----------
2020/03/02 23:04:50 server.go:88: but req-args= [QthrZgoDgo ckQSpDXWcJVTWfFidRkh]
2020/03/02 23:04:50 handler.go:119: GetUserInfoByToken out, return=JaObOXeRUN
2020/03/02 23:04:50 handler.go:119: GetUserInfoByToken out, return=ksGaqdscja
2020/03/02 23:04:50 server.go:62: rpc-api-called, name=CheckToken
2020/03/02 23:04:50 customdata.go:83: --------------

2020/03/02 23:04:50 customdata.go:83: --------------

2020/03/02 23:04:50 server.go:85: RspInfo= -----------------
2020/03/02 23:04:50 customdata.go:83: --------------

2020/03/02 23:04:50 customdata.go:83: --------------

2020/03/02 23:04:50 server.go:88: but req-args= [rdUnpscmjt ckQSpDXWcJVTWfFidRkh]
2020/03/02 23:04:50 server.go:86: [{qsYTFaLntF testpwd  http://q6gy4v9f7.bkt.clouddn.com/usertestc_1583059444997873000.jpg ckQSpDXWcJVTWfFidRkh}]
2020/03/02 23:04:50 customdata.go:82: {CheckToken [VfqYgOKDFd ckQSpDXWcJVTWfFidRkh] }
2020/03/02 23:04:50 server.go:86: [{fIaBgMJrcf testpwd  http://q6gy4v9f7.bkt.clouddn.com/usertestc_1583059444997873000.jpg ckQSpDXWcJVTWfFidRkh}]
2020/03/02 23:04:50 customdata.go:69: receive error= EOF
2020/03/02 23:04:50 customdata.go:81: receive------rsp----------
2020/03/02 23:04:50 customdata.go:81: receive------rsp----------
2020/03/02 23:04:50 handler.go:119: GetUserInfoByToken out, return=scWCKFGCWA
2020/03/02 23:04:50 server.go:88: but req-args= [GPOQFnJLPB ckQSpDXWcJVTWfFidRkh]
2020/03/02 23:04:50 handler.go:119: GetUserInfoByToken out, return=bVcAHgdOqt
2020/03/02 23:04:50 handler.go:107: GetUserInfoByToken in, user_name=jnmgEsprZf
2020/03/02 23:04:50 customdata.go:82: {CheckToken [ahtlfslneP ckQSpDXWcJVTWfFidRkh] }
2020/03/02 23:04:50 customdata.go:61: Send error= <nil>
2020/03/02 23:04:50 server.go:62: rpc-api-called, name=CheckToken
2020/03/02 23:04:50 server.go:62: rpc-api-called, name=CheckToken
2020/03/02 23:04:50 server.go:62: rpc-api-called, name=CheckToken
2020/03/02 23:04:50 server.go:62: rpc-api-called, name=CheckToken
2020/03/02 23:04:50 server.go:87: 
2020/03/02 23:04:50 customdata.go:83: --------------

2020/03/02 23:04:50 customdata.go:83: --------------

2020/03/02 23:04:50 customdata.go:81: receive------rsp----------
2020/03/02 23:04:50 customdata.go:81: receive------rsp----------
2020/03/02 23:04:50 customdata.go:81: receive------rsp----------
2020/03/02 23:04:50 customdata.go:83: --------------

2020/03/02 23:04:50 customdata.go:83: --------------

2020/03/02 23:04:50 customdata.go:83: --------------

2020/03/02 23:04:50 customdata.go:82: {CheckToken [QplPtddobe ckQSpDXWcJVTWfFidRkh] }
2020/03/02 23:04:50 customdata.go:82: {CheckToken [LjqNqjSSqb ckQSpDXWcJVTWfFidRkh] }
2020/03/02 23:04:50 customdata.go:82: {CheckToken [cAAQGNpsKP ckQSpDXWcJVTWfFidRkh] }
2020/03/02 23:04:50 server.go:85: RspInfo= -----------------
2020/03/02 23:04:50 customdata.go:82: {CheckToken [icYGjmtmLg ckQSpDXWcJVTWfFidRkh] }
2020/03/02 23:04:50 customdata.go:82: {CheckToken [OYlKUKomNQ ckQSpDXWcJVTWfFidRkh] }
2020/03/02 23:04:50 customdata.go:82: {CheckToken [JeAapohDOe ckQSpDXWcJVTWfFidRkh] }
2020/03/02 23:04:50 customdata.go:82: {CheckToken [nIhHeIgfLl ckQSpDXWcJVTWfFidRkh] }
2020/03/02 23:04:50 server.go:89: ----------------------
2020/03/02 23:04:50 customdata.go:82: {CheckToken [PLKCchSpgJ ckQSpDXWcJVTWfFidRkh] }
2020/03/02 23:04:50 customdata.go:82: {CheckToken [CQVKaPmfqW ckQSpDXWcJVTWfFidRkh] }
2020/03/02 23:04:50 customdata.go:81: receive------rsp----------
2020/03/02 23:04:50 server.go:89: ----------------------
2020/03/02 23:04:50 server.go:85: RspInfo= -----------------
2020/03/02 23:04:50 server.go:62: rpc-api-called, name=CheckToken
2020/03/02 23:04:50 handler.go:107: GetUserInfoByToken in, user_name=jPiQeYHmGI
2020/03/02 23:04:50 server.go:62: rpc-api-called, name=CheckToken
2020/03/02 23:04:50 server.go:85: RspInfo= -----------------
2020/03/02 23:04:50 server.go:86: [{ksGaqdscja testpwd  http://q6gy4v9f7.bkt.clouddn.com/usertestc_1583059444997873000.jpg ckQSpDXWcJVTWfFidRkh}]
2020/03/02 23:04:50 handler.go:107: GetUserInfoByToken in, user_name=GgRdUUQlNM
2020/03/02 23:04:50 server.go:62: rpc-api-called, name=CheckToken
2020/03/02 23:04:50 server.go:62: rpc-api-called, name=CheckToken
2020/03/02 23:04:50 handler.go:119: GetUserInfoByToken out, return=scWCKFGCWA
2020/03/02 23:04:50 server.go:86: [{KMlFIpKTaO testpwd  http://q6gy4v9f7.bkt.clouddn.com/usertestc_1583059444997873000.jpg ckQSpDXWcJVTWfFidRkh}]
2020/03/02 23:04:50 server.go:62: rpc-api-called, name=CheckToken
2020/03/02 23:04:50 server.go:62: rpc-api-called, name=CheckToken
2020/03/02 23:04:50 server.go:89: ----------------------
2020/03/02 23:04:50 server.go:87: 
2020/03/02 23:04:50 handler.go:119: GetUserInfoByToken out, return=gOnjbqrIkJ
2020/03/02 23:04:50 customdata.go:83: --------------

2020/03/02 23:04:50 server.go:87: 
2020/03/02 23:04:50 server.go:52: the func  does not exist
2020/03/02 23:04:50 customdata.go:82: {CheckToken [TIafogHFWX ckQSpDXWcJVTWfFidRkh] }
2020/03/02 23:04:50 customdata.go:82: {CheckToken [gYacHkJTrX ckQSpDXWcJVTWfFidRkh] }
2020/03/02 23:04:50 server.go:85: RspInfo= -----------------
2020/03/02 23:04:50 server.go:89: ----------------------
2020/03/02 23:04:50 server.go:85: RspInfo= -----------------
2020/03/02 23:04:50 customdata.go:83: --------------

2020/03/02 23:04:50 handler.go:107: GetUserInfoByToken in, user_name=fqjBGPqbaO
2020/03/02 23:04:50 handler.go:107: GetUserInfoByToken in, user_name=OsoPTTXlOg
2020/03/02 23:04:50 customdata.go:81: receive------rsp----------
2020/03/02 23:04:50 customdata.go:81: receive------rsp----------
2020/03/02 23:04:50 customdata.go:81: receive------rsp----------
2020/03/02 23:04:50 customdata.go:81: receive------rsp----------
2020/03/02 23:04:50 customdata.go:81: receive------rsp----------
2020/03/02 23:04:50 handler.go:107: GetUserInfoByToken in, user_name=CaIWrSGsac
2020/03/02 23:04:50 customdata.go:81: receive------rsp----------
2020/03/02 23:04:50 handler.go:107: GetUserInfoByToken in, user_name=lUrdsCLXjf
2020/03/02 23:04:50 server.go:88: but req-args= [aatVaKWBoW ckQSpDXWcJVTWfFidRkh]
2020/03/02 23:04:50 server.go:62: rpc-api-called, name=CheckToken
2020/03/02 23:04:50 server.go:62: rpc-api-called, name=CheckToken
2020/03/02 23:04:50 customdata.go:82: {CheckToken [JrNermWfDC ckQSpDXWcJVTWfFidRkh] }
2020/03/02 23:04:50 customdata.go:81: receive------rsp----------
2020/03/02 23:04:50 customdata.go:82: {CheckToken [psjdlsBGRW ckQSpDXWcJVTWfFidRkh] }
2020/03/02 23:04:50 customdata.go:81: receive------rsp----------
2020/03/02 23:04:50 customdata.go:81: receive------rsp----------
2020/03/02 23:04:50 customdata.go:81: receive------rsp----------
2020/03/02 23:04:50 handler.go:119: GetUserInfoByToken out, return=rXZCdLsmVW
2020/03/02 23:04:50 customdata.go:82: {CheckToken [FVecQUjaHC ckQSpDXWcJVTWfFidRkh] }
2020/03/02 23:04:50 customdata.go:81: receive------rsp----------
2020/03/02 23:04:50 server.go:62: rpc-api-called, name=CheckToken
2020/03/02 23:04:50 customdata.go:83: --------------

2020/03/02 23:04:50 customdata.go:83: --------------

2020/03/02 23:04:50 customdata.go:83: --------------

2020/03/02 23:04:50 server.go:86: [{tpkHTLmQer testpwd  http://q6gy4v9f7.bkt.clouddn.com/usertestc_1583059444997873000.jpg ckQSpDXWcJVTWfFidRkh}]
2020/03/02 23:04:50 customdata.go:83: --------------

2020/03/02 23:04:50 customdata.go:83: --------------

2020/03/02 23:04:50 customdata.go:83: --------------

2020/03/02 23:04:50 customdata.go:83: --------------

2020/03/02 23:04:50 customdata.go:61: Send error= <nil>
2020/03/02 23:04:50 customdata.go:83: --------------

2020/03/02 23:04:50 customdata.go:83: --------------

2020/03/02 23:04:50 customdata.go:81: receive------rsp----------
2020/03/02 23:04:50 customdata.go:81: receive------rsp----------
2020/03/02 23:04:50 handler.go:119: GetUserInfoByToken out, return=dkCBTSDbJF
2020/03/02 23:04:50 customdata.go:82: {CheckToken [oehWCVoEBC ckQSpDXWcJVTWfFidRkh] }
2020/03/02 23:04:50 customdata.go:61: Send error= <nil>
2020/03/02 23:04:50 server.go:86: [{JaObOXeRUN testpwd  http://q6gy4v9f7.bkt.clouddn.com/usertestc_1583059444997873000.jpg ckQSpDXWcJVTWfFidRkh}]
2020/03/02 23:04:50 handler.go:107: GetUserInfoByToken in, user_name=MqQICUaQtd
2020/03/02 23:04:50 server.go:87: 
2020/03/02 23:04:50 handler.go:107: GetUserInfoByToken in, user_name=HLQShlETbq
2020/03/02 23:04:50 handler.go:107: GetUserInfoByToken in, user_name=OaTMsaEBgk
2020/03/02 23:04:50 handler.go:119: GetUserInfoByToken out, return=QAgDXofWrr
2020/03/02 23:04:50 server.go:85: RspInfo= -----------------
2020/03/02 23:04:50 server.go:87: 
2020/03/02 23:04:50 handler.go:107: GetUserInfoByToken in, user_name=GFMdlrqIMX
2020/03/02 23:04:50 handler.go:107: GetUserInfoByToken in, user_name=tJXbElVWFn
2020/03/02 23:04:50 handler.go:119: GetUserInfoByToken out, return=jnmgEsprZf
2020/03/02 23:04:50 customdata.go:81: receive------rsp----------
2020/03/02 23:04:50 customdata.go:61: Send error= <nil>
2020/03/02 23:04:50 server.go:88: but req-args= [qsYTFaLntF ckQSpDXWcJVTWfFidRkh]
2020/03/02 23:04:50 server.go:85: RspInfo= -----------------
2020/03/02 23:04:50 server.go:62: rpc-api-called, name=CheckToken
2020/03/02 23:04:50 server.go:88: but req-args= [fIaBgMJrcf ckQSpDXWcJVTWfFidRkh]
2020/03/02 23:04:50 customdata.go:61: Send error= <nil>
2020/03/02 23:04:50 customdata.go:83: --------------

2020/03/02 23:04:50 customdata.go:83: --------------

2020/03/02 23:04:50 server.go:86: [{scWCKFGCWA testpwd  http://q6gy4v9f7.bkt.clouddn.com/usertestc_1583059444997873000.jpg ckQSpDXWcJVTWfFidRkh}]
2020/03/02 23:04:50 server.go:86: [{bVcAHgdOqt testpwd  http://q6gy4v9f7.bkt.clouddn.com/usertestc_1583059444997873000.jpg ckQSpDXWcJVTWfFidRkh}]
2020/03/02 23:04:50 customdata.go:61: Send error= <nil>
2020/03/02 23:04:50 server.go:62: rpc-api-called, name=CheckToken
2020/03/02 23:04:50 customdata.go:82: {CheckToken [mljPpTftgt ckQSpDXWcJVTWfFidRkh] }
2020/03/02 23:04:50 handler.go:119: GetUserInfoByToken out, return=jPiQeYHmGI
2020/03/02 23:04:50 customdata.go:82: {CheckToken [IejcsCLMKp ckQSpDXWcJVTWfFidRkh] }
2020/03/02 23:04:50 customdata.go:82: {CheckToken [snCQYjbgrQ ckQSpDXWcJVTWfFidRkh] }
2020/03/02 23:04:50 customdata.go:82: {CheckToken [LhRFbFJLrj ckQSpDXWcJVTWfFidRkh] }
2020/03/02 23:04:50 customdata.go:82: {CheckToken [oBBJfncZYq ckQSpDXWcJVTWfFidRkh] }
2020/03/02 23:04:50 customdata.go:82: {CheckToken [AgLSOOgCZO ckQSpDXWcJVTWfFidRkh] }
2020/03/02 23:04:50 server.go:89: ----------------------
2020/03/02 23:04:50 handler.go:107: GetUserInfoByToken in, user_name=SSlWtdbQEN
2020/03/02 23:04:50 handler.go:107: GetUserInfoByToken in, user_name=ihcBUgrPZO
2020/03/02 23:04:50 customdata.go:83: --------------

2020/03/02 23:04:50 customdata.go:82: {CheckToken [UjloPHPliq ckQSpDXWcJVTWfFidRkh] }
2020/03/02 23:04:50 customdata.go:83: --------------

2020/03/02 23:04:50 handler.go:119: GetUserInfoByToken out, return=GgRdUUQlNM
2020/03/02 23:04:50 customdata.go:82: {CheckToken [VNPGqoqepJ ckQSpDXWcJVTWfFidRkh] }
2020/03/02 23:04:50 customdata.go:82: {CheckToken [hZYNLYHgCl ckQSpDXWcJVTWfFidRkh] }
2020/03/02 23:04:50 customdata.go:82: {CheckToken [SGYXGhTfdm ckQSpDXWcJVTWfFidRkh] }
2020/03/02 23:04:50 server.go:85: RspInfo= -----------------
2020/03/02 23:04:50 customdata.go:83: --------------

2020/03/02 23:04:50 customdata.go:82: {CheckToken [CbSCLciAUT ckQSpDXWcJVTWfFidRkh] }
2020/03/02 23:04:50 handler.go:107: GetUserInfoByToken in, user_name=sNbUhdHFOj
2020/03/02 23:04:50 server.go:62: rpc-api-called, name=CheckToken
2020/03/02 23:04:50 server.go:62: rpc-api-called, name=CheckToken
2020/03/02 23:04:50 server.go:62: rpc-api-called, name=CheckToken
2020/03/02 23:04:50 server.go:87: 
2020/03/02 23:04:50 server.go:62: rpc-api-called, name=CheckToken
2020/03/02 23:04:50 server.go:62: rpc-api-called, name=CheckToken
2020/03/02 23:04:50 server.go:62: rpc-api-called, name=CheckToken
2020/03/02 23:04:50 server.go:62: rpc-api-called, name=CheckToken
2020/03/02 23:04:50 server.go:62: rpc-api-called, name=CheckToken
2020/03/02 23:04:50 server.go:62: rpc-api-called, name=CheckToken
2020/03/02 23:04:50 customdata.go:82: {CheckToken [nhKChPkUNE ckQSpDXWcJVTWfFidRkh] }
2020/03/02 23:04:50 customdata.go:82: {CheckToken [fXCVMjQMlA ckQSpDXWcJVTWfFidRkh] }
2020/03/02 23:04:50 server.go:85: RspInfo= -----------------
2020/03/02 23:04:50 customdata.go:83: --------------

2020/03/02 23:04:50 server.go:87: 
2020/03/02 23:04:50 server.go:88: but req-args= [ksGaqdscja ckQSpDXWcJVTWfFidRkh]
2020/03/02 23:04:50 customdata.go:81: receive------rsp----------
2020/03/02 23:04:50 customdata.go:81: receive------rsp----------
2020/03/02 23:04:50 customdata.go:81: receive------rsp----------
2020/03/02 23:04:50 customdata.go:81: receive------rsp----------
2020/03/02 23:04:50 customdata.go:81: receive------rsp----------
2020/03/02 23:04:50 customdata.go:81: receive------rsp----------
2020/03/02 23:04:50 server.go:85: RspInfo= -----------------
2020/03/02 23:04:50 handler.go:119: GetUserInfoByToken out, return=fqjBGPqbaO
2020/03/02 23:04:50 server.go:86: [{scWCKFGCWA testpwd  http://q6gy4v9f7.bkt.clouddn.com/usertestc_1583059444997873000.jpg ckQSpDXWcJVTWfFidRkh}]
2020/03/02 23:04:50 handler.go:119: GetUserInfoByToken out, return=lUrdsCLXjf
2020/03/02 23:04:50 server.go:88: but req-args= [KMlFIpKTaO ckQSpDXWcJVTWfFidRkh]
2020/03/02 23:04:50 server.go:85: RspInfo= -----------------
2020/03/02 23:04:50 customdata.go:82: {CheckToken [KPmVktXWeb ckQSpDXWcJVTWfFidRkh] }
2020/03/02 23:04:50 server.go:89: ----------------------
2020/03/02 23:04:50 customdata.go:81: receive------rsp----------
2020/03/02 23:04:50 handler.go:119: GetUserInfoByToken out, return=OsoPTTXlOg
2020/03/02 23:04:50 server.go:86: [{gOnjbqrIkJ testpwd  http://q6gy4v9f7.bkt.clouddn.com/usertestc_1583059444997873000.jpg ckQSpDXWcJVTWfFidRkh}]
2020/03/02 23:04:50 customdata.go:81: receive------rsp----------
2020/03/02 23:04:50 customdata.go:81: receive------rsp----------
2020/03/02 23:04:50 customdata.go:81: receive------rsp----------
2020/03/02 23:04:50 customdata.go:81: receive------rsp----------
2020/03/02 23:04:50 customdata.go:81: receive------rsp----------
2020/03/02 23:04:50 handler.go:107: GetUserInfoByToken in, user_name=VfqYgOKDFd
2020/03/02 23:04:50 customdata.go:81: receive------rsp----------
2020/03/02 23:04:50 server.go:89: ----------------------
2020/03/02 23:04:50 customdata.go:69: receive error= read tcp 127.0.0.1:8009->127.0.0.1:53842: read: connection reset by peer
2020/03/02 23:04:50 server.go:62: rpc-api-called, name=CheckToken
2020/03/02 23:04:50 handler.go:119: GetUserInfoByToken out, return=MqQICUaQtd
2020/03/02 23:04:50 handler.go:119: GetUserInfoByToken out, return=CaIWrSGsac
2020/03/02 23:04:50 server.go:62: rpc-api-called, name=CheckToken
2020/03/02 23:04:50 server.go:87: 
2020/03/02 23:04:50 server.go:87: 
2020/03/02 23:04:50 handler.go:107: GetUserInfoByToken in, user_name=ahtlfslneP
2020/03/02 23:04:50 customdata.go:81: receive------rsp----------
2020/03/02 23:04:50 customdata.go:81: receive------rsp----------
2020/03/02 23:04:50 customdata.go:83: --------------

2020/03/02 23:04:50 customdata.go:81: receive------rsp----------
2020/03/02 23:04:50 customdata.go:81: receive------rsp----------
2020/03/02 23:04:50 customdata.go:81: receive------rsp----------
2020/03/02 23:04:50 customdata.go:81: receive------rsp----------
2020/03/02 23:04:50 customdata.go:81: receive------rsp----------
2020/03/02 23:04:50 customdata.go:81: receive------rsp----------
2020/03/02 23:04:50 customdata.go:81: receive------rsp----------
2020/03/02 23:04:50 customdata.go:81: receive------rsp----------
2020/03/02 23:04:50 customdata.go:81: receive------rsp----------
2020/03/02 23:04:50 customdata.go:81: receive------rsp----------
2020/03/02 23:04:50 customdata.go:81: receive------rsp----------
2020/03/02 23:04:50 customdata.go:81: receive------rsp----------
2020/03/02 23:04:50 customdata.go:81: receive------rsp----------
2020/03/02 23:04:50 customdata.go:81: receive------rsp----------
2020/03/02 23:04:50 customdata.go:81: receive------rsp----------
2020/03/02 23:04:50 customdata.go:81: receive------rsp----------
2020/03/02 23:04:50 server.go:85: RspInfo= -----------------
2020/03/02 23:04:50 customdata.go:81: receive------rsp----------
2020/03/02 23:04:50 customdata.go:81: receive------rsp----------
2020/03/02 23:04:50 customdata.go:81: receive------rsp----------
2020/03/02 23:04:50 customdata.go:81: receive------rsp----------
2020/03/02 23:04:50 customdata.go:83: --------------

2020/03/02 23:04:50 customdata.go:81: receive------rsp----------
2020/03/02 23:04:50 customdata.go:81: receive------rsp----------
2020/03/02 23:04:50 customdata.go:83: --------------

2020/03/02 23:04:50 customdata.go:81: receive------rsp----------
2020/03/02 23:04:50 customdata.go:83: --------------

2020/03/02 23:04:50 customdata.go:83: --------------

2020/03/02 23:04:50 customdata.go:81: receive------rsp----------
2020/03/02 23:04:50 handler.go:119: GetUserInfoByToken out, return=tJXbElVWFn
2020/03/02 23:04:50 customdata.go:83: --------------

2020/03/02 23:04:50 handler.go:119: GetUserInfoByToken out, return=GFMdlrqIMX
2020/03/02 23:04:50 customdata.go:61: Send error= <nil>
2020/03/02 23:04:50 customdata.go:81: receive------rsp----------
2020/03/02 23:04:50 server.go:62: rpc-api-called, name=CheckToken
2020/03/02 23:04:50 customdata.go:83: --------------

2020/03/02 23:04:50 server.go:62: rpc-api-called, name=CheckToken
2020/03/02 23:04:50 server.go:85: RspInfo= -----------------
2020/03/02 23:04:50 customdata.go:83: --------------

2020/03/02 23:04:50 customdata.go:83: --------------

2020/03/02 23:04:50 customdata.go:83: --------------

2020/03/02 23:04:50 server.go:86: [{rXZCdLsmVW testpwd  http://q6gy4v9f7.bkt.clouddn.com/usertestc_1583059444997873000.jpg ckQSpDXWcJVTWfFidRkh}]
2020/03/02 23:04:50 server.go:62: rpc-api-called, name=CheckToken
2020/03/02 23:04:50 customdata.go:81: receive------rsp----------
2020/03/02 23:04:50 customdata.go:83: --------------

2020/03/02 23:04:50 customdata.go:69: receive error= EOF
2020/03/02 23:04:50 handler.go:107: GetUserInfoByToken in, user_name=QplPtddobe
2020/03/02 23:04:50 customdata.go:81: receive------rsp----------
2020/03/02 23:04:50 handler.go:107: GetUserInfoByToken in, user_name=LjqNqjSSqb
2020/03/02 23:04:50 customdata.go:81: receive------rsp----------
2020/03/02 23:04:50 handler.go:107: GetUserInfoByToken in, user_name=cAAQGNpsKP
2020/03/02 23:04:50 handler.go:119: GetUserInfoByToken out, return=OaTMsaEBgk
2020/03/02 23:04:50 server.go:88: but req-args= [tpkHTLmQer ckQSpDXWcJVTWfFidRkh]
2020/03/02 23:04:50 handler.go:119: GetUserInfoByToken out, return=HLQShlETbq
2020/03/02 23:04:50 handler.go:107: GetUserInfoByToken in, user_name=icYGjmtmLg
2020/03/02 23:04:50 handler.go:107: GetUserInfoByToken in, user_name=OYlKUKomNQ
2020/03/02 23:04:50 customdata.go:81: receive------rsp----------
2020/03/02 23:04:50 handler.go:107: GetUserInfoByToken in, user_name=JeAapohDOe
2020/03/02 23:04:50 handler.go:107: GetUserInfoByToken in, user_name=nIhHeIgfLl
2020/03/02 23:04:50 handler.go:107: GetUserInfoByToken in, user_name=PLKCchSpgJ
2020/03/02 23:04:50 handler.go:107: GetUserInfoByToken in, user_name=CQVKaPmfqW
2020/03/02 23:04:50 handler.go:119: GetUserInfoByToken out, return=SSlWtdbQEN
2020/03/02 23:04:50 customdata.go:83: --------------

2020/03/02 23:04:50 customdata.go:83: --------------

2020/03/02 23:04:50 server.go:86: [{dkCBTSDbJF testpwd  http://q6gy4v9f7.bkt.clouddn.com/usertestc_1583059444997873000.jpg ckQSpDXWcJVTWfFidRkh}]
2020/03/02 23:04:50 server.go:62: rpc-api-called, name=CheckToken
2020/03/02 23:04:50 customdata.go:81: receive------rsp----------
2020/03/02 23:04:50 server.go:88: but req-args= [JaObOXeRUN ckQSpDXWcJVTWfFidRkh]
2020/03/02 23:04:50 customdata.go:81: receive------rsp----------
2020/03/02 23:04:50 server.go:89: ----------------------
2020/03/02 23:04:50 customdata.go:82: {CheckToken [nJDactAnkc ckQSpDXWcJVTWfFidRkh] }
2020/03/02 23:04:50 customdata.go:82: {CheckToken [fQVZDNoOFC ckQSpDXWcJVTWfFidRkh] }
2020/03/02 23:04:50 customdata.go:81: receive------rsp----------
2020/03/02 23:04:50 customdata.go:82: {CheckToken [lBmXFDpUWb ckQSpDXWcJVTWfFidRkh] }
2020/03/02 23:04:50 handler.go:119: GetUserInfoByToken out, return=ihcBUgrPZO
2020/03/02 23:04:50 customdata.go:82: {CheckToken [LhRFbFJLrj ckQSpDXWcJVTWfFidRkh] }
2020/03/02 23:04:50 customdata.go:82: {CheckToken [CtNoeEImNr ckQSpDXWcJVTWfFidRkh] }
2020/03/02 23:04:50 customdata.go:82: {CheckToken [dptSlqSohV ckQSpDXWcJVTWfFidRkh] }
2020/03/02 23:04:50 server.go:86: [{QAgDXofWrr testpwd  http://q6gy4v9f7.bkt.clouddn.com/usertestc_1583059444997873000.jpg ckQSpDXWcJVTWfFidRkh}]
2020/03/02 23:04:50 customdata.go:81: receive------rsp----------
2020/03/02 23:04:50 server.go:85: RspInfo= -----------------
2020/03/02 23:04:50 server.go:87: 
2020/03/02 23:04:50 server.go:85: RspInfo= -----------------
2020/03/02 23:04:50 server.go:89: ----------------------
2020/03/02 23:04:50 customdata.go:81: receive------rsp----------
2020/03/02 23:04:50 server.go:86: [{jnmgEsprZf testpwd  http://q6gy4v9f7.bkt.clouddn.com/usertestc_1583059444997873000.jpg ckQSpDXWcJVTWfFidRkh}]
2020/03/02 23:04:50 customdata.go:83: --------------

2020/03/02 23:04:50 customdata.go:81: receive------rsp----------
2020/03/02 23:04:50 customdata.go:61: Send error= <nil>
2020/03/02 23:04:50 customdata.go:82: {CheckToken [QDUTHimQpO ckQSpDXWcJVTWfFidRkh] }
2020/03/02 23:04:50 customdata.go:81: receive------rsp----------
2020/03/02 23:04:50 server.go:85: RspInfo= -----------------
2020/03/02 23:04:50 server.go:87: 
2020/03/02 23:04:50 customdata.go:82: {CheckToken [JmTbiIiRWr ckQSpDXWcJVTWfFidRkh] }
2020/03/02 23:04:50 customdata.go:82: {CheckToken [sgXriSkNTQ ckQSpDXWcJVTWfFidRkh] }
2020/03/02 23:04:50 customdata.go:81: receive------rsp----------
2020/03/02 23:04:50 customdata.go:82: {CheckToken [WWnkFksUcQ ckQSpDXWcJVTWfFidRkh] }
2020/03/02 23:04:50 customdata.go:82: {CheckToken [qMeOkljQFM ckQSpDXWcJVTWfFidRkh] }
2020/03/02 23:04:50 customdata.go:82: {CheckToken [fbHWOMQlIp ckQSpDXWcJVTWfFidRkh] }
2020/03/02 23:04:50 customdata.go:81: receive------rsp----------
2020/03/02 23:04:50 customdata.go:82: {CheckToken [dndJdqCCPD ckQSpDXWcJVTWfFidRkh] }
2020/03/02 23:04:50 customdata.go:81: receive------rsp----------
2020/03/02 23:04:50 customdata.go:61: Send error= <nil>
2020/03/02 23:04:50 server.go:43: Receive failed! err=read tcp 127.0.0.1:8009->127.0.0.1:53842: read: connection reset by peer
2020/03/02 23:04:50 handler.go:107: GetUserInfoByToken in, user_name=TIafogHFWX
2020/03/02 23:04:50 server.go:85: RspInfo= -----------------
2020/03/02 23:04:50 customdata.go:81: receive------rsp----------
2020/03/02 23:04:50 server.go:85: RspInfo= -----------------
2020/03/02 23:04:50 handler.go:107: GetUserInfoByToken in, user_name=gYacHkJTrX
2020/03/02 23:04:50 server.go:88: but req-args= [scWCKFGCWA ckQSpDXWcJVTWfFidRkh]
2020/03/02 23:04:50 server.go:88: but req-args= [bVcAHgdOqt ckQSpDXWcJVTWfFidRkh]
2020/03/02 23:04:50 customdata.go:81: receive------rsp----------
2020/03/02 23:04:50 customdata.go:81: receive------rsp----------
2020/03/02 23:04:50 customdata.go:82: {CheckToken [hjBRmMCPYo ckQSpDXWcJVTWfFidRkh] }
2020/03/02 23:04:50 customdata.go:82: {CheckToken [PRrOlSqbtS ckQSpDXWcJVTWfFidRkh] }
2020/03/02 23:04:50 server.go:62: rpc-api-called, name=CheckToken
2020/03/02 23:04:50 customdata.go:82: {CheckToken [jRaQirGkDe ckQSpDXWcJVTWfFidRkh] }
2020/03/02 23:04:50 customdata.go:81: receive------rsp----------
2020/03/02 23:04:50 customdata.go:82: {CheckToken [NqXWJXebsm ckQSpDXWcJVTWfFidRkh] }
2020/03/02 23:04:50 customdata.go:82: {CheckToken [RfORlBCFOB ckQSpDXWcJVTWfFidRkh] }
2020/03/02 23:04:50 customdata.go:82: {CheckToken [NjFAQnmQhJ ckQSpDXWcJVTWfFidRkh] }
2020/03/02 23:04:50 customdata.go:82: {CheckToken [abbshAnJdI ckQSpDXWcJVTWfFidRkh] }
2020/03/02 23:04:50 customdata.go:81: receive------rsp----------
2020/03/02 23:04:50 customdata.go:82: {CheckToken [pdCbldUTkj ckQSpDXWcJVTWfFidRkh] }
2020/03/02 23:04:50 customdata.go:82: {CheckToken [NqXWJXebsm ckQSpDXWcJVTWfFidRkh] }
2020/03/02 23:04:50 customdata.go:82: {CheckToken [dTYKKTTSYE ckQSpDXWcJVTWfFidRkh] }
2020/03/02 23:04:50 customdata.go:81: receive------rsp----------
2020/03/02 23:04:50 customdata.go:82: {CheckToken [kZlMJSVNZQ ckQSpDXWcJVTWfFidRkh] }
2020/03/02 23:04:50 customdata.go:82: {CheckToken [glcEsLFMEl ckQSpDXWcJVTWfFidRkh] }
2020/03/02 23:04:50 customdata.go:82: {CheckToken [diBMNGAGmA ckQSpDXWcJVTWfFidRkh] }
2020/03/02 23:04:50 customdata.go:69: receive error= EOF
2020/03/02 23:04:50 customdata.go:69: receive error= EOF
2020/03/02 23:04:50 customdata.go:69: receive error= EOF
2020/03/02 23:04:50 customdata.go:69: receive error= EOF
2020/03/02 23:04:50 customdata.go:69: receive error= EOF
2020/03/02 23:04:50 customdata.go:69: receive error= EOF
2020/03/02 23:04:50 customdata.go:82: {CheckToken [QZjQrcCSkC ckQSpDXWcJVTWfFidRkh] }
2020/03/02 23:04:50 customdata.go:69: receive error= EOF
2020/03/02 23:04:50 customdata.go:82: {CheckToken [fHSXQTHOsk ckQSpDXWcJVTWfFidRkh] }
2020/03/02 23:04:50 customdata.go:82: {CheckToken [tnmhqQDnKC ckQSpDXWcJVTWfFidRkh] }
2020/03/02 23:04:50 customdata.go:81: receive------rsp----------
2020/03/02 23:04:50 customdata.go:82: {CheckToken [LhbkljdKen ckQSpDXWcJVTWfFidRkh] }
2020/03/02 23:04:50 customdata.go:82: {CheckToken [ValTgKOIIc ckQSpDXWcJVTWfFidRkh] }
2020/03/02 23:04:50 customdata.go:81: receive------rsp----------
2020/03/02 23:04:50 server.go:86: [{jPiQeYHmGI testpwd  http://q6gy4v9f7.bkt.clouddn.com/usertestc_1583059444997873000.jpg ckQSpDXWcJVTWfFidRkh}]
2020/03/02 23:04:50 customdata.go:82: {CheckToken [PUlYXKdEel ckQSpDXWcJVTWfFidRkh] }
2020/03/02 23:04:50 customdata.go:82: {CheckToken [DGEkbXGnSk ckQSpDXWcJVTWfFidRkh] }
2020/03/02 23:04:50 customdata.go:82: {CheckToken [HcVjBJFBKL ckQSpDXWcJVTWfFidRkh] }
2020/03/02 23:04:50 customdata.go:82: {CheckToken [eqbDPECtQj ckQSpDXWcJVTWfFidRkh] }
2020/03/02 23:04:50 customdata.go:81: receive------rsp----------
2020/03/02 23:04:50 server.go:62: rpc-api-called, name=CheckToken
2020/03/02 23:04:50 customdata.go:82: {CheckToken [BLoLkiTbtP ckQSpDXWcJVTWfFidRkh] }
2020/03/02 23:04:50 customdata.go:82: {CheckToken [rMepleQfEk ckQSpDXWcJVTWfFidRkh] }
2020/03/02 23:04:50 server.go:62: rpc-api-called, name=CheckToken
2020/03/02 23:04:50 customdata.go:82: {CheckToken [llftkAjhSr ckQSpDXWcJVTWfFidRkh] }
2020/03/02 23:04:50 customdata.go:81: receive------rsp----------
2020/03/02 23:04:50 server.go:62: rpc-api-called, name=CheckToken
2020/03/02 23:04:50 server.go:62: rpc-api-called, name=CheckToken
2020/03/02 23:04:50 customdata.go:82: {CheckToken [YoMqXCCbBW ckQSpDXWcJVTWfFidRkh] }
2020/03/02 23:04:50 customdata.go:81: receive------rsp----------
2020/03/02 23:04:50 server.go:85: RspInfo= -----------------
2020/03/02 23:04:50 server.go:62: rpc-api-called, name=CheckToken
2020/03/02 23:04:50 server.go:85: RspInfo= -----------------
2020/03/02 23:04:50 customdata.go:81: receive------rsp----------
2020/03/02 23:04:50 customdata.go:69: receive error= EOF
2020/03/02 23:04:50 customdata.go:82: {CheckToken [IkOCKVftIN ckQSpDXWcJVTWfFidRkh] }
2020/03/02 23:04:50 handler.go:119: GetUserInfoByToken out, return=sNbUhdHFOj
2020/03/02 23:04:50 handler.go:107: GetUserInfoByToken in, user_name=JrNermWfDC
2020/03/02 23:04:50 server.go:62: rpc-api-called, name=CheckToken
2020/03/02 23:04:50 customdata.go:81: receive------rsp----------
2020/03/02 23:04:50 handler.go:107: GetUserInfoByToken in, user_name=psjdlsBGRW
2020/03/02 23:04:50 server.go:86: [{GgRdUUQlNM testpwd  http://q6gy4v9f7.bkt.clouddn.com/usertestc_1583059444997873000.jpg ckQSpDXWcJVTWfFidRkh}]
2020/03/02 23:04:50 server.go:62: rpc-api-called, name=CheckToken
2020/03/02 23:04:50 server.go:62: rpc-api-called, name=CheckToken
2020/03/02 23:04:50 customdata.go:81: receive------rsp----------
2020/03/02 23:04:50 server.go:62: rpc-api-called, name=CheckToken
2020/03/02 23:04:50 server.go:87: 
2020/03/02 23:04:50 handler.go:107: GetUserInfoByToken in, user_name=FVecQUjaHC
2020/03/02 23:04:50 customdata.go:82: {CheckToken [ZZqaWiWdZb ckQSpDXWcJVTWfFidRkh] }
2020/03/02 23:04:50 server.go:62: rpc-api-called, name=CheckToken
2020/03/02 23:04:50 customdata.go:81: receive------rsp----------
2020/03/02 23:04:50 server.go:52: the func  does not exist
2020/03/02 23:04:50 customdata.go:81: receive------rsp----------
2020/03/02 23:04:50 customdata.go:82: {CheckToken [snshQiqiaa ckQSpDXWcJVTWfFidRkh] }
2020/03/02 23:04:50 customdata.go:69: receive error= EOF
2020/03/02 23:04:50 customdata.go:81: receive------rsp----------
2020/03/02 23:04:50 customdata.go:82: {CheckToken [nPKhRUKaEV ckQSpDXWcJVTWfFidRkh] }
2020/03/02 23:04:50 customdata.go:69: receive error= EOF
2020/03/02 23:04:50 customdata.go:81: receive------rsp----------
2020/03/02 23:04:50 server.go:85: RspInfo= -----------------
2020/03/02 23:04:50 server.go:89: ----------------------
2020/03/02 23:04:50 server.go:85: RspInfo= -----------------
2020/03/02 23:04:50 customdata.go:81: receive------rsp----------
2020/03/02 23:04:50 customdata.go:82: {CheckToken [GDbskNLMoA ckQSpDXWcJVTWfFidRkh] }
2020/03/02 23:04:50 customdata.go:81: receive------rsp----------
2020/03/02 23:04:50 server.go:85: RspInfo= -----------------
2020/03/02 23:04:50 server.go:62: rpc-api-called, name=CheckToken
2020/03/02 23:04:50 customdata.go:81: receive------rsp----------
2020/03/02 23:04:50 server.go:62: rpc-api-called, name=CheckToken
2020/03/02 23:04:50 customdata.go:69: receive error= EOF
2020/03/02 23:04:50 customdata.go:81: receive------rsp----------
2020/03/02 23:04:50 server.go:87: 
2020/03/02 23:04:50 handler.go:107: GetUserInfoByToken in, user_name=oehWCVoEBC
2020/03/02 23:04:50 customdata.go:82: {CheckToken [kKHAGaLnHB ckQSpDXWcJVTWfFidRkh] }
2020/03/02 23:04:50 server.go:89: ----------------------
2020/03/02 23:04:50 customdata.go:81: receive------rsp----------
2020/03/02 23:04:50 handler.go:119: GetUserInfoByToken out, return=ahtlfslneP
2020/03/02 23:04:50 handler.go:119: GetUserInfoByToken out, return=VfqYgOKDFd
2020/03/02 23:04:50 customdata.go:82: {CheckToken [LZICiOWWEI ckQSpDXWcJVTWfFidRkh] }
2020/03/02 23:04:50 customdata.go:61: Send error= <nil>
2020/03/02 23:04:50 customdata.go:83: --------------

2020/03/02 23:04:50 customdata.go:81: receive------rsp----------
2020/03/02 23:04:50 customdata.go:83: --------------

2020/03/02 23:04:50 customdata.go:82: {CheckToken [iZpjnPUoNU ckQSpDXWcJVTWfFidRkh] }
2020/03/02 23:04:50 customdata.go:83: --------------

2020/03/02 23:04:50 server.go:85: RspInfo= -----------------
2020/03/02 23:04:50 customdata.go:83: --------------

2020/03/02 23:04:50 customdata.go:83: --------------

2020/03/02 23:04:50 customdata.go:83: --------------

2020/03/02 23:04:50 server.go:87: 
2020/03/02 23:04:50 customdata.go:82: {CheckToken [XCkodnIgjr ckQSpDXWcJVTWfFidRkh] }
2020/03/02 23:04:50 customdata.go:81: receive------rsp----------
2020/03/02 23:04:50 server.go:86: [{fqjBGPqbaO testpwd  http://q6gy4v9f7.bkt.clouddn.com/usertestc_1583059444997873000.jpg ckQSpDXWcJVTWfFidRkh}]
2020/03/02 23:04:50 server.go:88: but req-args= [scWCKFGCWA ckQSpDXWcJVTWfFidRkh]
2020/03/02 23:04:50 server.go:86: [{lUrdsCLXjf testpwd  http://q6gy4v9f7.bkt.clouddn.com/usertestc_1583059444997873000.jpg ckQSpDXWcJVTWfFidRkh}]
2020/03/02 23:04:50 customdata.go:81: receive------rsp----------
2020/03/02 23:04:50 customdata.go:81: receive------rsp----------
2020/03/02 23:04:50 customdata.go:61: Send error= <nil>
2020/03/02 23:04:50 customdata.go:82: {CheckToken [XEslOCVSJU ckQSpDXWcJVTWfFidRkh] }
2020/03/02 23:04:50 server.go:87: 
2020/03/02 23:04:50 customdata.go:81: receive------rsp----------
2020/03/02 23:04:50 server.go:62: rpc-api-called, name=CheckToken
2020/03/02 23:04:50 customdata.go:82: {CheckToken [FkZnAVkPiB ckQSpDXWcJVTWfFidRkh] }
2020/03/02 23:04:50 customdata.go:81: receive------rsp----------
2020/03/02 23:04:50 customdata.go:69: receive error= EOF
2020/03/02 23:04:50 customdata.go:83: --------------

2020/03/02 23:04:50 customdata.go:82: {CheckToken [aiUBsaFELT ckQSpDXWcJVTWfFidRkh] }
2020/03/02 23:04:50 server.go:86: [{OsoPTTXlOg testpwd  http://q6gy4v9f7.bkt.clouddn.com/usertestc_1583059444997873000.jpg ckQSpDXWcJVTWfFidRkh}]
2020/03/02 23:04:50 customdata.go:81: receive------rsp----------
2020/03/02 23:04:50 server.go:88: but req-args= [gOnjbqrIkJ ckQSpDXWcJVTWfFidRkh]
2020/03/02 23:04:50 customdata.go:83: --------------

2020/03/02 23:04:50 customdata.go:83: --------------

2020/03/02 23:04:50 customdata.go:81: receive------rsp----------
2020/03/02 23:04:50 customdata.go:82: {CheckToken [mNASKqAckK ckQSpDXWcJVTWfFidRkh] }
2020/03/02 23:04:50 customdata.go:83: --------------

2020/03/02 23:04:50 customdata.go:83: --------------

2020/03/02 23:04:50 customdata.go:83: --------------

2020/03/02 23:04:50 customdata.go:82: {CheckToken [CVjhGSgcsX ckQSpDXWcJVTWfFidRkh] }
2020/03/02 23:04:50 customdata.go:81: receive------rsp----------
2020/03/02 23:04:50 customdata.go:83: --------------

2020/03/02 23:04:50 customdata.go:82: {CheckToken [lsRgLmdKZJ ckQSpDXWcJVTWfFidRkh] }
2020/03/02 23:04:50 customdata.go:81: receive------rsp----------
2020/03/02 23:04:50 customdata.go:81: receive------rsp----------
2020/03/02 23:04:50 customdata.go:69: receive error= EOF
2020/03/02 23:04:50 customdata.go:81: receive------rsp----------
2020/03/02 23:04:50 server.go:86: [{MqQICUaQtd testpwd  http://q6gy4v9f7.bkt.clouddn.com/usertestc_1583059444997873000.jpg ckQSpDXWcJVTWfFidRkh}]
2020/03/02 23:04:50 customdata.go:82: {CheckToken [EIsSWtShCj ckQSpDXWcJVTWfFidRkh] }
2020/03/02 23:04:50 handler.go:119: GetUserInfoByToken out, return=PLKCchSpgJ
2020/03/02 23:04:50 server.go:86: [{CaIWrSGsac testpwd  http://q6gy4v9f7.bkt.clouddn.com/usertestc_1583059444997873000.jpg ckQSpDXWcJVTWfFidRkh}]
2020/03/02 23:04:50 customdata.go:81: receive------rsp----------
2020/03/02 23:04:50 server.go:89: ----------------------
2020/03/02 23:04:50 server.go:89: ----------------------
2020/03/02 23:04:50 customdata.go:82: {CheckToken [EcZEcSZglF ckQSpDXWcJVTWfFidRkh] }
2020/03/02 23:04:50 handler.go:119: GetUserInfoByToken out, return=LjqNqjSSqb
2020/03/02 23:04:50 customdata.go:82: {CheckToken [XEslOCVSJU ckQSpDXWcJVTWfFidRkh] }
2020/03/02 23:04:50 customdata.go:83: --------------

2020/03/02 23:04:50 customdata.go:81: receive------rsp----------
2020/03/02 23:04:50 customdata.go:83: --------------

2020/03/02 23:04:50 handler.go:107: GetUserInfoByToken in, user_name=mljPpTftgt
2020/03/02 23:04:50 customdata.go:83: --------------

2020/03/02 23:04:50 customdata.go:82: {CheckToken [rEfXCqlSdA ckQSpDXWcJVTWfFidRkh] }
2020/03/02 23:04:50 customdata.go:83: --------------

2020/03/02 23:04:50 customdata.go:83: --------------

2020/03/02 23:04:50 customdata.go:83: --------------

2020/03/02 23:04:50 customdata.go:81: receive------rsp----------
2020/03/02 23:04:50 customdata.go:83: --------------

2020/03/02 23:04:50 customdata.go:81: receive------rsp----------
2020/03/02 23:04:50 customdata.go:82: {CheckToken [VZFGrjRjJg ckQSpDXWcJVTWfFidRkh] }
2020/03/02 23:04:50 customdata.go:83: --------------

2020/03/02 23:04:50 customdata.go:83: --------------

2020/03/02 23:04:50 customdata.go:81: receive------rsp----------
2020/03/02 23:04:50 customdata.go:83: --------------

2020/03/02 23:04:50 customdata.go:82: {CheckToken [DmWTqlmZfl ckQSpDXWcJVTWfFidRkh] }
2020/03/02 23:04:50 handler.go:119: GetUserInfoByToken out, return=CQVKaPmfqW
2020/03/02 23:04:50 customdata.go:83: --------------

2020/03/02 23:04:50 customdata.go:83: --------------

2020/03/02 23:04:50 customdata.go:83: --------------

2020/03/02 23:04:50 server.go:52: the func  does not exist
2020/03/02 23:04:50 handler.go:119: GetUserInfoByToken out, return=cAAQGNpsKP
2020/03/02 23:04:50 handler.go:119: GetUserInfoByToken out, return=gYacHkJTrX
2020/03/02 23:04:50 customdata.go:81: receive------rsp----------
2020/03/02 23:04:50 server.go:52: the func  does not exist
2020/03/02 23:04:50 server.go:52: the func  does not exist
2020/03/02 23:04:50 server.go:52: the func  does not exist
2020/03/02 23:04:50 customdata.go:81: receive------rsp----------
2020/03/02 23:04:50 server.go:52: the func  does not exist
2020/03/02 23:04:50 server.go:52: the func  does not exist
2020/03/02 23:04:50 customdata.go:81: receive------rsp----------
2020/03/02 23:04:50 customdata.go:83: --------------

2020/03/02 23:04:50 handler.go:119: GetUserInfoByToken out, return=QplPtddobe
2020/03/02 23:04:50 server.go:52: the func  does not exist
2020/03/02 23:04:50 customdata.go:81: receive------rsp----------
2020/03/02 23:04:50 customdata.go:83: --------------

2020/03/02 23:04:50 customdata.go:83: --------------

2020/03/02 23:04:50 customdata.go:82: {CheckToken [CiBVDsqtll ckQSpDXWcJVTWfFidRkh] }
2020/03/02 23:04:50 customdata.go:81: receive------rsp----------
2020/03/02 23:04:50 customdata.go:83: --------------

2020/03/02 23:04:50 customdata.go:83: --------------

2020/03/02 23:04:50 customdata.go:82: {CheckToken [QiNGALJqqC ckQSpDXWcJVTWfFidRkh] }
2020/03/02 23:04:50 server.go:87: 
2020/03/02 23:04:50 customdata.go:83: --------------

2020/03/02 23:04:50 customdata.go:83: --------------

2020/03/02 23:04:50 customdata.go:83: --------------

2020/03/02 23:04:50 customdata.go:83: --------------

2020/03/02 23:04:50 customdata.go:81: receive------rsp----------
2020/03/02 23:04:50 customdata.go:82: {CheckToken [LTKnTrEqrG ckQSpDXWcJVTWfFidRkh] }
2020/03/02 23:04:50 customdata.go:81: receive------rsp----------
2020/03/02 23:04:50 handler.go:107: GetUserInfoByToken in, user_name=IejcsCLMKp
2020/03/02 23:04:50 customdata.go:83: --------------

2020/03/02 23:04:50 customdata.go:83: --------------

2020/03/02 23:04:50 customdata.go:81: receive------rsp----------
2020/03/02 23:04:50 handler.go:119: GetUserInfoByToken out, return=nIhHeIgfLl
2020/03/02 23:04:50 handler.go:107: GetUserInfoByToken in, user_name=snCQYjbgrQ
2020/03/02 23:04:50 customdata.go:83: --------------

2020/03/02 23:04:50 handler.go:119: GetUserInfoByToken out, return=TIafogHFWX
2020/03/02 23:04:50 customdata.go:82: {CheckToken [KWLIBGPgHi ckQSpDXWcJVTWfFidRkh] }
2020/03/02 23:04:50 handler.go:107: GetUserInfoByToken in, user_name=LhRFbFJLrj
2020/03/02 23:04:50 handler.go:107: GetUserInfoByToken in, user_name=oBBJfncZYq
2020/03/02 23:04:50 customdata.go:83: --------------

2020/03/02 23:04:50 customdata.go:82: {CheckToken [rRCdOhBitN ckQSpDXWcJVTWfFidRkh] }
2020/03/02 23:04:50 server.go:86: [{tJXbElVWFn testpwd  http://q6gy4v9f7.bkt.clouddn.com/usertestc_1583059444997873000.jpg ckQSpDXWcJVTWfFidRkh}]
2020/03/02 23:04:50 handler.go:107: GetUserInfoByToken in, user_name=AgLSOOgCZO
2020/03/02 23:04:50 server.go:86: [{GFMdlrqIMX testpwd  http://q6gy4v9f7.bkt.clouddn.com/usertestc_1583059444997873000.jpg ckQSpDXWcJVTWfFidRkh}]
2020/03/02 23:04:50 customdata.go:82: {CheckToken [VLCUIGsMoO ckQSpDXWcJVTWfFidRkh] }
2020/03/02 23:04:50 server.go:52: the func  does not exist
2020/03/02 23:04:50 customdata.go:83: --------------

2020/03/02 23:04:50 handler.go:119: GetUserInfoByToken out, return=JeAapohDOe
2020/03/02 23:04:50 server.go:85: RspInfo= -----------------
2020/03/02 23:04:50 handler.go:107: GetUserInfoByToken in, user_name=UjloPHPliq
2020/03/02 23:04:50 customdata.go:82: {CheckToken [cVAElcRXAT ckQSpDXWcJVTWfFidRkh] }
2020/03/02 23:04:50 server.go:87: 
2020/03/02 23:04:50 handler.go:107: GetUserInfoByToken in, user_name=VNPGqoqepJ
2020/03/02 23:04:50 handler.go:107: GetUserInfoByToken in, user_name=hZYNLYHgCl
2020/03/02 23:04:50 customdata.go:82: {CheckToken [edhtoAnhao ckQSpDXWcJVTWfFidRkh] }
2020/03/02 23:04:50 handler.go:107: GetUserInfoByToken in, user_name=SGYXGhTfdm
2020/03/02 23:04:50 server.go:88: but req-args= [rXZCdLsmVW ckQSpDXWcJVTWfFidRkh]
2020/03/02 23:04:50 customdata.go:83: --------------

2020/03/02 23:04:50 handler.go:107: GetUserInfoByToken in, user_name=CbSCLciAUT
2020/03/02 23:04:50 customdata.go:82: {CheckToken [eTjRFbLZRf ckQSpDXWcJVTWfFidRkh] }
2020/03/02 23:04:50 customdata.go:61: Send error= <nil>
2020/03/02 23:04:50 customdata.go:82: {CheckToken [kHUENMNMHX ckQSpDXWcJVTWfFidRkh] }
2020/03/02 23:04:50 customdata.go:83: --------------

2020/03/02 23:04:50 server.go:52: the func  does not exist
2020/03/02 23:04:50 customdata.go:82: {CheckToken [hoSEABSqGP ckQSpDXWcJVTWfFidRkh] }
2020/03/02 23:04:50 customdata.go:83: --------------

2020/03/02 23:04:50 server.go:52: the func  does not exist
2020/03/02 23:04:50 customdata.go:82: {CheckToken [lqqIETXQVJ ckQSpDXWcJVTWfFidRkh] }
2020/03/02 23:04:50 server.go:86: [{OaTMsaEBgk testpwd  http://q6gy4v9f7.bkt.clouddn.com/usertestc_1583059444997873000.jpg ckQSpDXWcJVTWfFidRkh}]
2020/03/02 23:04:50 customdata.go:61: Send error= <nil>
2020/03/02 23:04:50 server.go:86: [{HLQShlETbq testpwd  http://q6gy4v9f7.bkt.clouddn.com/usertestc_1583059444997873000.jpg ckQSpDXWcJVTWfFidRkh}]
2020/03/02 23:04:50 customdata.go:82: {CheckToken [KWLIBGPgHi ckQSpDXWcJVTWfFidRkh] }
2020/03/02 23:04:50 customdata.go:83: --------------

2020/03/02 23:04:50 server.go:86: [{SSlWtdbQEN testpwd  http://q6gy4v9f7.bkt.clouddn.com/usertestc_1583059444997873000.jpg ckQSpDXWcJVTWfFidRkh}]
2020/03/02 23:04:50 handler.go:119: GetUserInfoByToken out, return=JrNermWfDC
2020/03/02 23:04:50 handler.go:107: GetUserInfoByToken in, user_name=nhKChPkUNE
2020/03/02 23:04:50 customdata.go:82: {CheckToken [CElUOnhnKY ckQSpDXWcJVTWfFidRkh] }
2020/03/02 23:04:50 handler.go:107: GetUserInfoByToken in, user_name=fXCVMjQMlA
2020/03/02 23:04:50 server.go:52: the func  does not exist
2020/03/02 23:04:50 customdata.go:82: {CheckToken [JXHmJAaHNJ ckQSpDXWcJVTWfFidRkh] }
2020/03/02 23:04:50 server.go:88: but req-args= [dkCBTSDbJF ckQSpDXWcJVTWfFidRkh]
2020/03/02 23:04:50 customdata.go:81: receive------rsp----------
2020/03/02 23:04:50 customdata.go:81: receive------rsp----------
2020/03/02 23:04:50 customdata.go:83: --------------

2020/03/02 23:04:50 customdata.go:61: Send error= <nil>
2020/03/02 23:04:50 customdata.go:81: receive------rsp----------
2020/03/02 23:04:50 customdata.go:82: {CheckToken [diDSjZcTkC ckQSpDXWcJVTWfFidRkh] }
2020/03/02 23:04:50 customdata.go:81: receive------rsp----------
2020/03/02 23:04:50 server.go:85: RspInfo= -----------------
2020/03/02 23:04:50 server.go:85: RspInfo= -----------------
2020/03/02 23:04:50 customdata.go:81: receive------rsp----------
2020/03/02 23:04:50 customdata.go:83: --------------

2020/03/02 23:04:50 handler.go:119: GetUserInfoByToken out, return=psjdlsBGRW
2020/03/02 23:04:50 customdata.go:81: receive------rsp----------
2020/03/02 23:04:50 customdata.go:69: receive error= EOF
2020/03/02 23:04:50 server.go:62: rpc-api-called, name=CheckToken
2020/03/02 23:04:50 customdata.go:82: {CheckToken [cKaSfMISLd ckQSpDXWcJVTWfFidRkh] }
2020/03/02 23:04:50 server.go:62: rpc-api-called, name=CheckToken
2020/03/02 23:04:50 customdata.go:83: --------------

2020/03/02 23:04:50 server.go:62: rpc-api-called, name=CheckToken
2020/03/02 23:04:50 customdata.go:81: receive------rsp----------
2020/03/02 23:04:50 server.go:86: [{ihcBUgrPZO testpwd  http://q6gy4v9f7.bkt.clouddn.com/usertestc_1583059444997873000.jpg ckQSpDXWcJVTWfFidRkh}]
2020/03/02 23:04:50 server.go:62: rpc-api-called, name=CheckToken
2020/03/02 23:04:50 customdata.go:81: receive------rsp----------
2020/03/02 23:04:50 server.go:62: rpc-api-called, name=CheckToken
2020/03/02 23:04:50 server.go:62: rpc-api-called, name=CheckToken
2020/03/02 23:04:50 server.go:88: but req-args= [QAgDXofWrr ckQSpDXWcJVTWfFidRkh]
2020/03/02 23:04:50 customdata.go:83: --------------

2020/03/02 23:04:50 customdata.go:82: {CheckToken [DdNeXLsmQR ckQSpDXWcJVTWfFidRkh] }
2020/03/02 23:04:50 customdata.go:81: receive------rsp----------
2020/03/02 23:04:50 server.go:87: 
2020/03/02 23:04:50 server.go:89: ----------------------
2020/03/02 23:04:50 server.go:87: 
2020/03/02 23:04:50 customdata.go:82: {CheckToken [LMYnEZhaYD ckQSpDXWcJVTWfFidRkh] }
2020/03/02 23:04:50 customdata.go:81: receive------rsp----------
2020/03/02 23:04:50 customdata.go:82: {CheckToken [kKJChkrFDJ ckQSpDXWcJVTWfFidRkh] }
2020/03/02 23:04:50 customdata.go:69: receive error= EOF
2020/03/02 23:04:50 customdata.go:83: --------------

2020/03/02 23:04:50 customdata.go:81: receive------rsp----------
2020/03/02 23:04:50 server.go:88: but req-args= [jnmgEsprZf ckQSpDXWcJVTWfFidRkh]
2020/03/02 23:04:50 customdata.go:82: {CheckToken [bcoXTpnLSt ckQSpDXWcJVTWfFidRkh] }
2020/03/02 23:04:50 handler.go:107: GetUserInfoByToken in, user_name=KPmVktXWeb
2020/03/02 23:04:50 customdata.go:81: receive------rsp----------
2020/03/02 23:04:50 customdata.go:83: --------------

2020/03/02 23:04:50 customdata.go:82: {CheckToken [GDbskNLMoA ckQSpDXWcJVTWfFidRkh] }
2020/03/02 23:04:50 customdata.go:81: receive------rsp----------
2020/03/02 23:04:50 server.go:52: the func  does not exist
2020/03/02 23:04:50 server.go:62: rpc-api-called, name=CheckToken
2020/03/02 23:04:50 customdata.go:83: --------------

2020/03/02 23:04:50 customdata.go:81: receive------rsp----------
2020/03/02 23:04:50 server.go:87: 
2020/03/02 23:04:50 customdata.go:82: {CheckToken [pCFeHkKnRl ckQSpDXWcJVTWfFidRkh] }
2020/03/02 23:04:50 customdata.go:81: receive------rsp----------
2020/03/02 23:04:50 server.go:89: ----------------------
2020/03/02 23:04:50 server.go:62: rpc-api-called, name=CheckToken
2020/03/02 23:04:50 server.go:62: rpc-api-called, name=CheckToken
2020/03/02 23:04:50 customdata.go:82: {CheckToken [gXNUaZRrVF ckQSpDXWcJVTWfFidRkh] }
2020/03/02 23:04:50 customdata.go:81: receive------rsp----------
2020/03/02 23:04:50 customdata.go:83: --------------

2020/03/02 23:04:50 server.go:62: rpc-api-called, name=CheckToken
2020/03/02 23:04:50 server.go:62: rpc-api-called, name=CheckToken
2020/03/02 23:04:50 server.go:62: rpc-api-called, name=CheckToken
2020/03/02 23:04:50 customdata.go:81: receive------rsp----------
2020/03/02 23:04:50 handler.go:119: GetUserInfoByToken out, return=FVecQUjaHC
2020/03/02 23:04:50 customdata.go:83: --------------

2020/03/02 23:04:50 handler.go:119: GetUserInfoByToken out, return=oehWCVoEBC
2020/03/02 23:04:50 customdata.go:82: {CheckToken [filgMgrBIk ckQSpDXWcJVTWfFidRkh] }
2020/03/02 23:04:50 server.go:62: rpc-api-called, name=CheckToken
2020/03/02 23:04:50 customdata.go:83: --------------

2020/03/02 23:04:50 customdata.go:82: {CheckToken [gTqPTWsWQh ckQSpDXWcJVTWfFidRkh] }
2020/03/02 23:04:50 customdata.go:82: {CheckToken [coXqeoBKlJ ckQSpDXWcJVTWfFidRkh] }
2020/03/02 23:04:50 customdata.go:82: {CheckToken [IXmnVokHZt ckQSpDXWcJVTWfFidRkh] }
2020/03/02 23:04:50 server.go:52: the func  does not exist
2020/03/02 23:04:50 customdata.go:81: receive------rsp----------
2020/03/02 23:04:50 customdata.go:82: {CheckToken [EZFXHBnHAf ckQSpDXWcJVTWfFidRkh] }
2020/03/02 23:04:50 server.go:87: 
2020/03/02 23:04:50 customdata.go:83: --------------

2020/03/02 23:04:50 customdata.go:81: receive------rsp----------
2020/03/02 23:04:50 server.go:85: RspInfo= -----------------
2020/03/02 23:04:50 server.go:87: 
2020/03/02 23:04:50 customdata.go:82: {CheckToken [TDhrEGpHCQ ckQSpDXWcJVTWfFidRkh] }
2020/03/02 23:04:50 customdata.go:81: receive------rsp----------
2020/03/02 23:04:50 customdata.go:81: receive------rsp----------
2020/03/02 23:04:50 customdata.go:81: receive------rsp----------
2020/03/02 23:04:50 customdata.go:61: Send error= <nil>
2020/03/02 23:04:50 customdata.go:61: Send error= <nil>
2020/03/02 23:04:50 customdata.go:83: --------------

2020/03/02 23:04:50 server.go:85: RspInfo= -----------------
2020/03/02 23:04:50 customdata.go:83: --------------

2020/03/02 23:04:50 customdata.go:81: receive------rsp----------
2020/03/02 23:04:50 server.go:62: rpc-api-called, name=CheckToken
2020/03/02 23:04:50 customdata.go:82: {CheckToken [NtYZeVePLf ckQSpDXWcJVTWfFidRkh] }
2020/03/02 23:04:50 server.go:62: rpc-api-called, name=CheckToken
2020/03/02 23:04:50 customdata.go:81: receive------rsp----------
2020/03/02 23:04:50 server.go:62: rpc-api-called, name=CheckToken
2020/03/02 23:04:50 customdata.go:83: --------------

2020/03/02 23:04:50 server.go:62: rpc-api-called, name=CheckToken
2020/03/02 23:04:50 customdata.go:81: receive------rsp----------
2020/03/02 23:04:50 server.go:62: rpc-api-called, name=CheckToken
2020/03/02 23:04:50 server.go:62: rpc-api-called, name=CheckToken
2020/03/02 23:04:50 customdata.go:82: {CheckToken [jVZVcmAqOI ckQSpDXWcJVTWfFidRkh] }
2020/03/02 23:04:50 customdata.go:81: receive------rsp----------
2020/03/02 23:04:50 server.go:62: rpc-api-called, name=CheckToken
2020/03/02 23:04:50 customdata.go:82: {CheckToken [gRmEjqqVkS ckQSpDXWcJVTWfFidRkh] }
2020/03/02 23:04:50 customdata.go:83: --------------

2020/03/02 23:04:50 server.go:62: rpc-api-called, name=CheckToken
2020/03/02 23:04:50 server.go:62: rpc-api-called, name=CheckToken
2020/03/02 23:04:50 customdata.go:82: {CheckToken [fVUKPnKAjQ ckQSpDXWcJVTWfFidRkh] }
2020/03/02 23:04:50 server.go:62: rpc-api-called, name=CheckToken
2020/03/02 23:04:50 customdata.go:83: --------------

2020/03/02 23:04:50 customdata.go:81: receive------rsp----------
2020/03/02 23:04:50 server.go:85: RspInfo= -----------------
2020/03/02 23:04:50 server.go:62: rpc-api-called, name=CheckToken
2020/03/02 23:04:50 customdata.go:81: receive------rsp----------
2020/03/02 23:04:50 server.go:62: rpc-api-called, name=CheckToken
2020/03/02 23:04:50 server.go:62: rpc-api-called, name=CheckToken
2020/03/02 23:04:50 customdata.go:81: receive------rsp----------
2020/03/02 23:04:50 customdata.go:61: Send error= <nil>
2020/03/02 23:04:50 server.go:85: RspInfo= -----------------
2020/03/02 23:04:50 server.go:85: RspInfo= -----------------
2020/03/02 23:04:50 customdata.go:82: {CheckToken [LneErtTSpl ckQSpDXWcJVTWfFidRkh] }
2020/03/02 23:04:50 customdata.go:81: receive------rsp----------
2020/03/02 23:04:50 customdata.go:61: Send error= <nil>
2020/03/02 23:04:50 customdata.go:81: receive------rsp----------
2020/03/02 23:04:50 customdata.go:61: Send error= <nil>
2020/03/02 23:04:50 customdata.go:61: Send error= <nil>
2020/03/02 23:04:50 customdata.go:82: {CheckToken [KZTJbIUZDP ckQSpDXWcJVTWfFidRkh] }
2020/03/02 23:04:50 customdata.go:81: receive------rsp----------
2020/03/02 23:04:50 customdata.go:61: Send error= <nil>
2020/03/02 23:04:50 customdata.go:81: receive------rsp----------
2020/03/02 23:04:50 customdata.go:82: {CheckToken [ULFNgZbrmX ckQSpDXWcJVTWfFidRkh] }
2020/03/02 23:04:50 customdata.go:61: Send error= <nil>
2020/03/02 23:04:50 server.go:62: rpc-api-called, name=CheckToken
2020/03/02 23:04:50 customdata.go:81: receive------rsp----------
2020/03/02 23:04:50 server.go:85: RspInfo= -----------------
2020/03/02 23:04:50 customdata.go:81: receive------rsp----------
2020/03/02 23:04:50 customdata.go:61: Send error= <nil>
2020/03/02 23:04:50 customdata.go:82: {CheckToken [EHMOdWFnfj ckQSpDXWcJVTWfFidRkh] }
2020/03/02 23:04:50 server.go:62: rpc-api-called, name=CheckToken
2020/03/02 23:04:50 server.go:62: rpc-api-called, name=CheckToken
2020/03/02 23:04:50 customdata.go:83: --------------

2020/03/02 23:04:50 customdata.go:82: {CheckToken [mgUpUSPPJV ckQSpDXWcJVTWfFidRkh] }
2020/03/02 23:04:50 customdata.go:81: receive------rsp----------
2020/03/02 23:04:50 server.go:62: rpc-api-called, name=CheckToken
2020/03/02 23:04:50 customdata.go:81: receive------rsp----------
2020/03/02 23:04:50 server.go:62: rpc-api-called, name=CheckToken
2020/03/02 23:04:50 customdata.go:83: --------------

2020/03/02 23:04:50 server.go:88: but req-args= [jPiQeYHmGI ckQSpDXWcJVTWfFidRkh]
2020/03/02 23:04:50 server.go:62: rpc-api-called, name=CheckToken
2020/03/02 23:04:50 customdata.go:81: receive------rsp----------
2020/03/02 23:04:50 server.go:62: rpc-api-called, name=CheckToken
2020/03/02 23:04:50 handler.go:119: GetUserInfoByToken out, return=mljPpTftgt
2020/03/02 23:04:50 server.go:62: rpc-api-called, name=CheckToken
2020/03/02 23:04:50 server.go:62: rpc-api-called, name=CheckToken
2020/03/02 23:04:50 customdata.go:82: {CheckToken [qOMntZhNDH ckQSpDXWcJVTWfFidRkh] }
2020/03/02 23:04:50 customdata.go:81: receive------rsp----------
2020/03/02 23:04:50 customdata.go:83: --------------

2020/03/02 23:04:50 customdata.go:82: {CheckToken [tYnCVGtrTm ckQSpDXWcJVTWfFidRkh] }
2020/03/02 23:04:50 customdata.go:81: receive------rsp----------
2020/03/02 23:04:50 server.go:62: rpc-api-called, name=CheckToken
2020/03/02 23:04:50 customdata.go:81: receive------rsp----------
2020/03/02 23:04:50 server.go:62: rpc-api-called, name=CheckToken
2020/03/02 23:04:50 customdata.go:82: {CheckToken [CVjhGSgcsX ckQSpDXWcJVTWfFidRkh] }
2020/03/02 23:04:50 server.go:85: RspInfo= -----------------
2020/03/02 23:04:50 customdata.go:81: receive------rsp----------
2020/03/02 23:04:50 server.go:62: rpc-api-called, name=CheckToken
2020/03/02 23:04:50 customdata.go:81: receive------rsp----------
2020/03/02 23:04:50 server.go:85: RspInfo= -----------------
2020/03/02 23:04:50 customdata.go:83: --------------

2020/03/02 23:04:50 customdata.go:81: receive------rsp----------
2020/03/02 23:04:50 server.go:62: rpc-api-called, name=CheckToken
2020/03/02 23:04:50 customdata.go:83: --------------

2020/03/02 23:04:50 server.go:87: 
2020/03/02 23:04:50 customdata.go:81: receive------rsp----------
2020/03/02 23:04:50 server.go:87: 
2020/03/02 23:04:50 customdata.go:83: --------------

2020/03/02 23:04:50 customdata.go:81: receive------rsp----------
2020/03/02 23:04:50 customdata.go:61: Send error= <nil>
2020/03/02 23:04:50 server.go:62: rpc-api-called, name=CheckToken
2020/03/02 23:04:50 server.go:85: RspInfo= -----------------
2020/03/02 23:04:50 server.go:86: [{sNbUhdHFOj testpwd  http://q6gy4v9f7.bkt.clouddn.com/usertestc_1583059444997873000.jpg ckQSpDXWcJVTWfFidRkh}]
2020/03/02 23:04:50 customdata.go:81: receive------rsp----------
2020/03/02 23:04:50 customdata.go:83: --------------

2020/03/02 23:04:50 server.go:88: but req-args= [GgRdUUQlNM ckQSpDXWcJVTWfFidRkh]
2020/03/02 23:04:50 customdata.go:83: --------------

2020/03/02 23:04:50 server.go:89: ----------------------
2020/03/02 23:04:50 server.go:62: rpc-api-called, name=CheckToken
2020/03/02 23:04:50 customdata.go:83: --------------

2020/03/02 23:04:50 customdata.go:69: receive error= read tcp 127.0.0.1:8009->127.0.0.1:53785: read: connection reset by peer
2020/03/02 23:04:50 customdata.go:83: --------------

2020/03/02 23:04:50 server.go:62: rpc-api-called, name=CheckToken
2020/03/02 23:04:50 customdata.go:61: Send error= <nil>
2020/03/02 23:04:50 customdata.go:83: --------------

2020/03/02 23:04:50 server.go:62: rpc-api-called, name=CheckToken
2020/03/02 23:04:50 customdata.go:61: Send error= <nil>
2020/03/02 23:04:50 customdata.go:83: --------------

2020/03/02 23:04:50 server.go:87: 
2020/03/02 23:04:50 handler.go:119: GetUserInfoByToken out, return=snCQYjbgrQ
2020/03/02 23:04:50 customdata.go:69: receive error= EOF
2020/03/02 23:04:50 server.go:87: 
2020/03/02 23:04:50 customdata.go:83: --------------

2020/03/02 23:04:50 server.go:62: rpc-api-called, name=CheckToken
2020/03/02 23:04:50 server.go:87: 
2020/03/02 23:04:50 server.go:85: RspInfo= -----------------
2020/03/02 23:04:50 customdata.go:83: --------------

2020/03/02 23:04:50 customdata.go:61: Send error= <nil>
2020/03/02 23:04:50 customdata.go:83: --------------

2020/03/02 23:04:50 server.go:89: ----------------------
2020/03/02 23:04:50 customdata.go:82: {CheckToken [DJiWQVsXVR ckQSpDXWcJVTWfFidRkh] }
2020/03/02 23:04:50 customdata.go:82: {CheckToken [GWgGkdNfOk ckQSpDXWcJVTWfFidRkh] }
2020/03/02 23:04:50 server.go:62: rpc-api-called, name=CheckToken
2020/03/02 23:04:50 customdata.go:69: receive error= EOF
2020/03/02 23:04:50 customdata.go:82: {CheckToken [RCVKNUFslP ckQSpDXWcJVTWfFidRkh] }
2020/03/02 23:04:50 customdata.go:83: --------------

2020/03/02 23:04:50 handler.go:107: GetUserInfoByToken in, user_name=BLoLkiTbtP
2020/03/02 23:04:50 customdata.go:82: {CheckToken [DZPPWOhWYV ckQSpDXWcJVTWfFidRkh] }
2020/03/02 23:04:50 customdata.go:83: --------------

2020/03/02 23:04:50 server.go:62: rpc-api-called, name=CheckToken
2020/03/02 23:04:50 handler.go:107: GetUserInfoByToken in, user_name=DZPPWOhWYV
2020/03/02 23:04:50 handler.go:107: GetUserInfoByToken in, user_name=rMepleQfEk
2020/03/02 23:04:50 server.go:86: [{nIhHeIgfLl testpwd  http://q6gy4v9f7.bkt.clouddn.com/usertestc_1583059444997873000.jpg ckQSpDXWcJVTWfFidRkh}]
2020/03/02 23:04:50 customdata.go:82: {CheckToken [NFWBlXmNAH ckQSpDXWcJVTWfFidRkh] }
2020/03/02 23:04:50 server.go:86: [{ahtlfslneP testpwd  http://q6gy4v9f7.bkt.clouddn.com/usertestc_1583059444997873000.jpg ckQSpDXWcJVTWfFidRkh}]
2020/03/02 23:04:50 server.go:86: [{VfqYgOKDFd testpwd  http://q6gy4v9f7.bkt.clouddn.com/usertestc_1583059444997873000.jpg ckQSpDXWcJVTWfFidRkh}]
2020/03/02 23:04:50 customdata.go:82: {CheckToken [FeiiqfbnGK ckQSpDXWcJVTWfFidRkh] }
2020/03/02 23:04:50 server.go:62: rpc-api-called, name=CheckToken
2020/03/02 23:04:50 server.go:85: RspInfo= -----------------
2020/03/02 23:04:50 customdata.go:82: {CheckToken [iSPjGhPSAP ckQSpDXWcJVTWfFidRkh] }
2020/03/02 23:04:50 server.go:52: the func  does not exist
2020/03/02 23:04:50 handler.go:107: GetUserInfoByToken in, user_name=nJDactAnkc
2020/03/02 23:04:50 customdata.go:83: --------------

2020/03/02 23:04:50 handler.go:107: GetUserInfoByToken in, user_name=fQVZDNoOFC
2020/03/02 23:04:50 server.go:62: rpc-api-called, name=CheckToken
2020/03/02 23:04:50 handler.go:107: GetUserInfoByToken in, user_name=lBmXFDpUWb
2020/03/02 23:04:50 customdata.go:82: {CheckToken [dUAXoMYPjn ckQSpDXWcJVTWfFidRkh] }
2020/03/02 23:04:50 server.go:87: 
2020/03/02 23:04:50 handler.go:107: GetUserInfoByToken in, user_name=LhRFbFJLrj
2020/03/02 23:04:50 customdata.go:82: {CheckToken [OUeTYVNBUg ckQSpDXWcJVTWfFidRkh] }
2020/03/02 23:04:50 handler.go:107: GetUserInfoByToken in, user_name=CtNoeEImNr
2020/03/02 23:04:50 handler.go:107: GetUserInfoByToken in, user_name=dptSlqSohV
2020/03/02 23:04:50 server.go:89: ----------------------
2020/03/02 23:04:50 server.go:62: rpc-api-called, name=CheckToken
2020/03/02 23:04:50 customdata.go:83: --------------

2020/03/02 23:04:50 customdata.go:82: {CheckToken [jlmnCjILkd ckQSpDXWcJVTWfFidRkh] }
2020/03/02 23:04:50 server.go:88: but req-args= [fqjBGPqbaO ckQSpDXWcJVTWfFidRkh]
2020/03/02 23:04:50 customdata.go:61: Send error= <nil>
2020/03/02 23:04:50 server.go:88: but req-args= [lUrdsCLXjf ckQSpDXWcJVTWfFidRkh]
2020/03/02 23:04:50 customdata.go:83: --------------

2020/03/02 23:04:50 customdata.go:82: {CheckToken [rDVihKPjMk ckQSpDXWcJVTWfFidRkh] }
2020/03/02 23:04:50 customdata.go:83: --------------

2020/03/02 23:04:50 server.go:52: the func  does not exist
2020/03/02 23:04:50 server.go:62: rpc-api-called, name=CheckToken
2020/03/02 23:04:50 customdata.go:82: {CheckToken [CKMTZtRIGR ckQSpDXWcJVTWfFidRkh] }
2020/03/02 23:04:50 server.go:89: ----------------------
2020/03/02 23:04:50 customdata.go:83: --------------

2020/03/02 23:04:50 customdata.go:82: {CheckToken [tFYfRqkJMb ckQSpDXWcJVTWfFidRkh] }
2020/03/02 23:04:50 server.go:62: rpc-api-called, name=CheckToken
2020/03/02 23:04:50 customdata.go:83: --------------

2020/03/02 23:04:50 customdata.go:82: {CheckToken [HKIPqJRQfW ckQSpDXWcJVTWfFidRkh] }
2020/03/02 23:04:50 customdata.go:61: Send error= <nil>
2020/03/02 23:04:50 handler.go:107: GetUserInfoByToken in, user_name=QDUTHimQpO
2020/03/02 23:04:50 server.go:62: rpc-api-called, name=CheckToken
2020/03/02 23:04:50 customdata.go:82: {CheckToken [DfICQQerkO ckQSpDXWcJVTWfFidRkh] }
2020/03/02 23:04:50 server.go:88: but req-args= [OsoPTTXlOg ckQSpDXWcJVTWfFidRkh]
2020/03/02 23:04:50 customdata.go:83: --------------

2020/03/02 23:04:50 customdata.go:82: {CheckToken [VLCZRrFNPH ckQSpDXWcJVTWfFidRkh] }
2020/03/02 23:04:50 customdata.go:61: Send error= <nil>
2020/03/02 23:04:50 handler.go:107: GetUserInfoByToken in, user_name=JmTbiIiRWr
2020/03/02 23:04:50 handler.go:107: GetUserInfoByToken in, user_name=sgXriSkNTQ
2020/03/02 23:04:50 customdata.go:83: --------------

2020/03/02 23:04:50 customdata.go:82: {CheckToken [nPOBbjCTql ckQSpDXWcJVTWfFidRkh] }
2020/03/02 23:26:26 log.go:25: Rpc Server log ready!!!!!!!!!!!  time=2020-03-02 23:26:26.387538 +0800 CST m=+0.002689661
